Step: build-step-credential-initializer:

{"level":"warn","ts":1547127856.0972815,"logger":"fallback-logger","caller":"logging/config.go:65","msg":"Fetch GitHub commit ID from kodata failed: \"ref: refs/heads/test\" is not a valid GitHub commit ID"}
{"level":"info","ts":1547127856.09769,"logger":"fallback-logger","caller":"creds-init/main.go:40","msg":"Credentials initialized."}
Step: build-step-git-source-0:

{"level":"warn","ts":1547127857.4343467,"logger":"fallback-logger","caller":"logging/config.go:65","msg":"Fetch GitHub commit ID from kodata failed: \"ref: refs/heads/test\" is not a valid GitHub commit ID"}
{"level":"info","ts":1547127860.0050335,"logger":"fallback-logger","caller":"git-init/main.go:92","msg":"Successfully cloned \"https://github.com/jenkins-x/jx.git\" @ \"7cc58b356d6ebd6ab76231201dbaca971b21fe2d\" in path \"/workspace\""}
Step: build-step-jenkins:

Picked up _JAVA_OPTIONS: -Xmx512m
Started
Running in Durability level: PERFORMANCE_OPTIMIZED
  47.320 [id=28]	WARNING	i.f.k.c.i.VersionUsageUtils#alert: The client is using resource type 'customresourcedefinitions' with unstable version 'v1beta1'
[Pipeline] node
Running on Jenkins in /tmp/jenkinsTests.tmp/jenkins2938612233511042673test/workspace/job
  83.412 [id=82]	WARNING	o.j.plugins.workflow.cps.DSL#invokeStep: Error storing the arguments for step: checkout
org.kohsuke.stapler.NoStaplerConstructorException: There's no @DataBoundConstructor on any constructor of class io.jenkins.jenkinsfile.runner.FileSystemSCM
	at org.kohsuke.stapler.ClassDescriptor.loadConstructorParamNames(ClassDescriptor.java:265)
	at org.jenkinsci.plugins.structs.describable.DescribableModel.<init>(DescribableModel.java:144)
	at org.jenkinsci.plugins.structs.describable.DescribableModel.of(DescribableModel.java:114)
	at org.jenkinsci.plugins.workflow.cps.actions.ArgumentsActionImpl.sanitizeObjectAndRecordMutation(ArgumentsActionImpl.java:294)
	at org.jenkinsci.plugins.workflow.cps.actions.ArgumentsActionImpl.sanitizeMapAndRecordMutation(ArgumentsActionImpl.java:386)
	at org.jenkinsci.plugins.workflow.cps.actions.ArgumentsActionImpl.<init>(ArgumentsActionImpl.java:74)
	at org.jenkinsci.plugins.workflow.cps.DSL.invokeStep(DSL.java:245)
	at org.jenkinsci.plugins.workflow.cps.DSL.invokeMethod(DSL.java:178)
	at org.jenkinsci.plugins.workflow.cps.CpsScript.invokeMethod(CpsScript.java:122)
	at org.codehaus.groovy.runtime.callsite.PogoMetaClassSite.call(PogoMetaClassSite.java:48)
	at org.codehaus.groovy.runtime.callsite.CallSiteArray.defaultCall(CallSiteArray.java:48)
	at org.codehaus.groovy.runtime.callsite.AbstractCallSite.call(AbstractCallSite.java:113)
	at com.cloudbees.groovy.cps.sandbox.DefaultInvoker.methodCall(DefaultInvoker.java:20)
	at com.cloudbees.groovy.cps.impl.ContinuationGroup.methodCall(ContinuationGroup.java:57)
	at com.cloudbees.groovy.cps.impl.FunctionCallBlock$ContinuationImpl.dispatchOrArg(FunctionCallBlock.java:109)
	at com.cloudbees.groovy.cps.impl.FunctionCallBlock$ContinuationImpl.fixArg(FunctionCallBlock.java:82)
	at sun.reflect.GeneratedMethodAccessor175.invoke(Unknown Source)
	at sun.reflect.DelegatingMethodAccessorImpl.invoke(DelegatingMethodAccessorImpl.java:43)
	at java.lang.reflect.Method.invoke(Method.java:498)
	at com.cloudbees.groovy.cps.impl.ContinuationPtr$ContinuationImpl.receive(ContinuationPtr.java:72)
	at com.cloudbees.groovy.cps.impl.PropertyishBlock$ContinuationImpl.get(PropertyishBlock.java:76)
	at com.cloudbees.groovy.cps.LValueBlock$GetAdapter.receive(LValueBlock.java:30)
	at com.cloudbees.groovy.cps.impl.PropertyishBlock$ContinuationImpl.fixName(PropertyishBlock.java:66)
	at sun.reflect.GeneratedMethodAccessor183.invoke(Unknown Source)
	at sun.reflect.DelegatingMethodAccessorImpl.invoke(DelegatingMethodAccessorImpl.java:43)
	at java.lang.reflect.Method.invoke(Method.java:498)
	at com.cloudbees.groovy.cps.impl.ContinuationPtr$ContinuationImpl.receive(ContinuationPtr.java:72)
	at com.cloudbees.groovy.cps.impl.ConstantBlock.eval(ConstantBlock.java:21)
	at com.cloudbees.groovy.cps.Next.step(Next.java:83)
	at com.cloudbees.groovy.cps.Continuable$1.call(Continuable.java:174)
	at com.cloudbees.groovy.cps.Continuable$1.call(Continuable.java:163)
	at org.codehaus.groovy.runtime.GroovyCategorySupport$ThreadCategoryInfo.use(GroovyCategorySupport.java:129)
	at org.codehaus.groovy.runtime.GroovyCategorySupport.use(GroovyCategorySupport.java:268)
	at com.cloudbees.groovy.cps.Continuable.run0(Continuable.java:163)
	at org.jenkinsci.plugins.workflow.cps.SandboxContinuable.access$101(SandboxContinuable.java:34)
	at org.jenkinsci.plugins.workflow.cps.SandboxContinuable.lambda$run0$0(SandboxContinuable.java:59)
	at org.jenkinsci.plugins.scriptsecurity.sandbox.groovy.GroovySandbox.runInSandbox(GroovySandbox.java:108)
	at org.jenkinsci.plugins.workflow.cps.SandboxContinuable.run0(SandboxContinuable.java:58)
	at org.jenkinsci.plugins.workflow.cps.CpsThread.runNextChunk(CpsThread.java:182)
	at org.jenkinsci.plugins.workflow.cps.CpsThreadGroup.run(CpsThreadGroup.java:332)
	at org.jenkinsci.plugins.workflow.cps.CpsThreadGroup.access$200(CpsThreadGroup.java:83)
	at org.jenkinsci.plugins.workflow.cps.CpsThreadGroup$2.call(CpsThreadGroup.java:244)
	at org.jenkinsci.plugins.workflow.cps.CpsThreadGroup$2.call(CpsThreadGroup.java:232)
	at org.jenkinsci.plugins.workflow.cps.CpsVmExecutorService$2.call(CpsVmExecutorService.java:64)
	at java.util.concurrent.FutureTask.run(FutureTask.java:266)
	at hudson.remoting.SingleLaneExecutorService$1.run(SingleLaneExecutorService.java:131)
	at jenkins.util.ContextResettingExecutorService$1.run(ContextResettingExecutorService.java:28)
	at jenkins.security.ImpersonatingExecutorService$1.run(ImpersonatingExecutorService.java:59)
	at java.util.concurrent.Executors$RunnableAdapter.call(Executors.java:511)
	at java.util.concurrent.FutureTask.run(FutureTask.java:266)
	at java.util.concurrent.ThreadPoolExecutor.runWorker(ThreadPoolExecutor.java:1149)
	at java.util.concurrent.ThreadPoolExecutor$Worker.run(ThreadPoolExecutor.java:624)
	at java.lang.Thread.run(Thread.java:748)
[Pipeline] {
[Pipeline] stage
[Pipeline] { (Declarative: Checkout SCM)
[Pipeline] checkout
[Pipeline] }
[Pipeline] // stage
[Pipeline] withCredentials
[Pipeline] {
[Pipeline] withEnv
[Pipeline] {
[Pipeline] stage
[Pipeline] { (CI Build and Test)
  87.210 [id=82]	WARNING	o.j.plugins.workflow.cps.DSL#invokeStep: Error storing the arguments for step: checkout
org.kohsuke.stapler.NoStaplerConstructorException: There's no @DataBoundConstructor on any constructor of class io.jenkins.jenkinsfile.runner.FileSystemSCM
	at org.kohsuke.stapler.ClassDescriptor.loadConstructorParamNames(ClassDescriptor.java:265)
	at org.jenkinsci.plugins.structs.describable.DescribableModel.<init>(DescribableModel.java:144)
	at org.jenkinsci.plugins.structs.describable.DescribableModel.of(DescribableModel.java:114)
	at org.jenkinsci.plugins.workflow.cps.actions.ArgumentsActionImpl.sanitizeObjectAndRecordMutation(ArgumentsActionImpl.java:294)
	at org.jenkinsci.plugins.workflow.cps.actions.ArgumentsActionImpl.sanitizeMapAndRecordMutation(ArgumentsActionImpl.java:386)
	at org.jenkinsci.plugins.workflow.cps.actions.ArgumentsActionImpl.<init>(ArgumentsActionImpl.java:74)
	at org.jenkinsci.plugins.workflow.cps.DSL.invokeStep(DSL.java:245)
	at org.jenkinsci.plugins.workflow.cps.DSL.invokeMethod(DSL.java:178)
	at org.jenkinsci.plugins.workflow.cps.CpsScript.invokeMethod(CpsScript.java:122)
	at sun.reflect.NativeMethodAccessorImpl.invoke0(Native Method)
	at sun.reflect.NativeMethodAccessorImpl.invoke(NativeMethodAccessorImpl.java:62)
	at sun.reflect.DelegatingMethodAccessorImpl.invoke(DelegatingMethodAccessorImpl.java:43)
	at java.lang.reflect.Method.invoke(Method.java:498)
	at org.codehaus.groovy.reflection.CachedMethod.invoke(CachedMethod.java:93)
	at groovy.lang.MetaMethod.doMethodInvoke(MetaMethod.java:325)
	at groovy.lang.MetaClassImpl.invokeMethod(MetaClassImpl.java:1213)
	at groovy.lang.MetaClassImpl.invokeMethod(MetaClassImpl.java:1022)
	at org.codehaus.groovy.runtime.callsite.PogoMetaClassSite.call(PogoMetaClassSite.java:42)
	at org.codehaus.groovy.runtime.callsite.CallSiteArray.defaultCall(CallSiteArray.java:48)
	at org.codehaus.groovy.runtime.callsite.AbstractCallSite.call(AbstractCallSite.java:113)
	at org.kohsuke.groovy.sandbox.impl.Checker$1.call(Checker.java:157)
	at org.kohsuke.groovy.sandbox.GroovyInterceptor.onMethodCall(GroovyInterceptor.java:23)
	at org.jenkinsci.plugins.scriptsecurity.sandbox.groovy.SandboxInterceptor.onMethodCall(SandboxInterceptor.java:155)
	at org.kohsuke.groovy.sandbox.impl.Checker$1.call(Checker.java:155)
	at org.kohsuke.groovy.sandbox.impl.Checker.checkedCall(Checker.java:159)
	at org.kohsuke.groovy.sandbox.impl.Checker.checkedCall(Checker.java:129)
	at org.kohsuke.groovy.sandbox.impl.Checker.checkedCall(Checker.java:129)
	at com.cloudbees.groovy.cps.sandbox.SandboxInvoker.methodCall(SandboxInvoker.java:17)
	at com.cloudbees.groovy.cps.impl.ContinuationGroup.methodCall(ContinuationGroup.java:57)
	at com.cloudbees.groovy.cps.impl.FunctionCallBlock$ContinuationImpl.dispatchOrArg(FunctionCallBlock.java:109)
	at com.cloudbees.groovy.cps.impl.FunctionCallBlock$ContinuationImpl.fixArg(FunctionCallBlock.java:82)
	at sun.reflect.GeneratedMethodAccessor175.invoke(Unknown Source)
	at sun.reflect.DelegatingMethodAccessorImpl.invoke(DelegatingMethodAccessorImpl.java:43)
	at java.lang.reflect.Method.invoke(Method.java:498)
	at com.cloudbees.groovy.cps.impl.ContinuationPtr$ContinuationImpl.receive(ContinuationPtr.java:72)
	at com.cloudbees.groovy.cps.impl.PropertyishBlock$ContinuationImpl.get(PropertyishBlock.java:76)
	at com.cloudbees.groovy.cps.LValueBlock$GetAdapter.receive(LValueBlock.java:30)
	at com.cloudbees.groovy.cps.impl.PropertyishBlock$ContinuationImpl.fixName(PropertyishBlock.java:66)
	at sun.reflect.GeneratedMethodAccessor183.invoke(Unknown Source)
	at sun.reflect.DelegatingMethodAccessorImpl.invoke(DelegatingMethodAccessorImpl.java:43)
	at java.lang.reflect.Method.invoke(Method.java:498)
	at com.cloudbees.groovy.cps.impl.ContinuationPtr$ContinuationImpl.receive(ContinuationPtr.java:72)
	at com.cloudbees.groovy.cps.impl.ConstantBlock.eval(ConstantBlock.java:21)
	at com.cloudbees.groovy.cps.Next.step(Next.java:83)
	at com.cloudbees.groovy.cps.Continuable$1.call(Continuable.java:174)
	at com.cloudbees.groovy.cps.Continuable$1.call(Continuable.java:163)
	at org.codehaus.groovy.runtime.GroovyCategorySupport$ThreadCategoryInfo.use(GroovyCategorySupport.java:129)
	at org.codehaus.groovy.runtime.GroovyCategorySupport.use(GroovyCategorySupport.java:268)
	at com.cloudbees.groovy.cps.Continuable.run0(Continuable.java:163)
	at org.jenkinsci.plugins.workflow.cps.SandboxContinuable.access$101(SandboxContinuable.java:34)
	at org.jenkinsci.plugins.workflow.cps.SandboxContinuable.lambda$run0$0(SandboxContinuable.java:59)
	at org.jenkinsci.plugins.scriptsecurity.sandbox.groovy.GroovySandbox.runInSandbox(GroovySandbox.java:108)
	at org.jenkinsci.plugins.workflow.cps.SandboxContinuable.run0(SandboxContinuable.java:58)
	at org.jenkinsci.plugins.workflow.cps.CpsThread.runNextChunk(CpsThread.java:182)
	at org.jenkinsci.plugins.workflow.cps.CpsThreadGroup.run(CpsThreadGroup.java:332)
	at org.jenkinsci.plugins.workflow.cps.CpsThreadGroup.access$200(CpsThreadGroup.java:83)
	at org.jenkinsci.plugins.workflow.cps.CpsThreadGroup$2.call(CpsThreadGroup.java:244)
	at org.jenkinsci.plugins.workflow.cps.CpsThreadGroup$2.call(CpsThreadGroup.java:232)
	at org.jenkinsci.plugins.workflow.cps.CpsVmExecutorService$2.call(CpsVmExecutorService.java:64)
	at java.util.concurrent.FutureTask.run(FutureTask.java:266)
	at hudson.remoting.SingleLaneExecutorService$1.run(SingleLaneExecutorService.java:131)
	at jenkins.util.ContextResettingExecutorService$1.run(ContextResettingExecutorService.java:28)
	at jenkins.security.ImpersonatingExecutorService$1.run(ImpersonatingExecutorService.java:59)
	at java.util.concurrent.Executors$RunnableAdapter.call(Executors.java:511)
	at java.util.concurrent.FutureTask.run(FutureTask.java:266)
	at java.util.concurrent.ThreadPoolExecutor.runWorker(ThreadPoolExecutor.java:1149)
	at java.util.concurrent.ThreadPoolExecutor$Worker.run(ThreadPoolExecutor.java:624)
	at java.lang.Thread.run(Thread.java:748)
[Pipeline] dir
Running in /home/jenkins/go/src/github.com/jenkins-x/jx
[Pipeline] {
[Pipeline] checkout
[Pipeline] sh
+ git config --global credential.helper store
[Pipeline] sh
+ jx step git credentials
Generated Git credentials file /home/jenkins/git/credentials
[Pipeline] sh
+ echo building Pull Request for preview pr-2305-1
building Pull Request for preview pr-2305-1
[Pipeline] sh
+ make linux
CGO_ENABLED=0 GOOS=linux GOARCH=amd64 GO111MODULE=on GO15VENDOREXPERIMENT=1 go build -ldflags " -X github.com/jenkins-x/jx/pkg/version.Version=-dev+7cc58b3 -X github.com/jenkins-x/jx/pkg/version.Revision='7cc58b3' -X github.com/jenkins-x/jx/pkg/version.Branch='master' -X github.com/jenkins-x/jx/pkg/version.BuildDate='20190110-13:45:56' -X github.com/jenkins-x/jx/pkg/version.GoVersion='1.11.4'" -o build/linux/jx cmd/jx/jx.go
go: finding github.com/shirou/w32 v0.0.0-20160930032740-bb4de0191aa4
go: finding github.com/mitchellh/mapstructure v0.0.0-20180715050151-f15292f7a699
go: finding github.com/hashicorp/golang-lru v0.0.0-20180201235237-0fb14efe8c47
go: finding github.com/Jeffail/gabs v1.1.0
go: finding github.com/magiconair/properties v1.8.0
go: finding github.com/chai2010/gettext-go v0.0.0-20170215093142-bf70f2a70fb1
go: finding github.com/petar/GoLLRB v0.0.0-20130427215148-53be0d36a84c
go: finding github.com/mattn/go-colorable v0.0.9
go: finding go.opencensus.io v0.14.0
go: finding golang.org/x/sync v0.0.0-20180314180146-1d60e4601c6f
go: finding github.com/knative/build v0.0.0-20180906201914-846036c8b91d
go: finding github.com/gregjones/httpcache v0.0.0-20180305231024-9cad4c3443a7
go: finding github.com/onsi/ginkgo v1.6.0
go: finding github.com/banzaicloud/bank-vaults v0.0.0-20181129101211-e31657d7c4fe
go: finding golang.org/x/time v0.0.0-20180412165947-fbb02b2291d2
go: finding github.com/xanzy/ssh-agent v0.2.0
go: finding gopkg.in/warnings.v0 v0.1.2
go: finding github.com/chromedp/chromedp v0.1.1
go: finding github.com/gophercloud/gophercloud v0.0.0-20180721014243-9bb899a7c1d9
go: finding golang.org/x/crypto v0.0.0-20181203042331-505ab145d0a9
go: finding github.com/kballard/go-shellquote v0.0.0-20180428030007-95032a82bc51
go: finding code.gitea.io/sdk v0.0.0-20180702024448-79a281c4e34a
go: finding github.com/spf13/cobra v0.0.3
go: finding github.com/src-d/gcfg v1.3.0
go: finding github.com/jbrukh/bayesian v0.0.0-20161210175230-bf3f261f9a9c
go: finding k8s.io/helm v2.7.2+incompatible
go: finding gopkg.in/src-d/go-git.v4 v4.5.0
go: finding gopkg.in/robfig/cron.v2 v2.0.0-20150107220207-be2e0b0deed5
go: finding github.com/matttproud/golang_protobuf_extensions v1.0.1
go: finding github.com/viniciuschiele/tarx v0.0.0-20151205142357-6e3da540444d
go: finding golang.org/x/sys v0.0.0-20181206074257-70b957f3b65e
go: finding k8s.io/apiextensions-apiserver v0.0.0-20180621085152-bbc52469f98b
go: finding github.com/hashicorp/go-multierror v1.0.0
go: finding github.com/bwmarrin/snowflake v0.0.0-20180412010544-68117e6bbede
go: finding github.com/docker/spdystream v0.0.0-20170912183627-bc6354cbbc29
go: finding github.com/operator-framework/operator-sdk v0.0.0-20181011175812-913cbf711929
go: finding github.com/knq/snaker v0.0.0-20180306023312-d9ad1e7f342a
go: finding gopkg.in/yaml.v2 v2.2.1
go: finding github.com/google/btree v0.0.0-20180124185431-e89373fe6b4a
go: finding github.com/disintegration/imaging v1.4.2
go: finding github.com/cpuguy83/go-md2man v1.0.8
go: finding github.com/inconshreveable/mousetrap v1.0.0
go: finding github.com/modern-go/reflect2 v0.0.0-20180701023420-4b7aa43c6742
go: finding github.com/bouk/monkey v1.0.0
go: finding github.com/kevinburke/ssh_config v0.0.0-20180317175531-9fc7bb800b55
go: finding github.com/gfleury/go-bitbucket-v1 v0.0.0-20181102191809-4910839b609e
go: finding github.com/spf13/pflag v1.0.1
go: finding github.com/onsi/gomega v1.4.1
go: finding github.com/fatih/structs v1.0.0
go: finding github.com/trivago/tgo v1.0.1
go: finding github.com/c2h5oh/datasize v0.0.0-20171227191756-4eba002a5eae
go: finding github.com/gorilla/sessions v1.1.1
go: finding gopkg.in/AlecAivazis/survey.v1 v1.6.2
go: finding github.com/hinshun/vt10x v0.0.0-20180809195222-d55458df857c
go: finding github.com/Azure/draft v0.15.0
go: finding gopkg.in/inf.v0 v0.9.1
go: finding k8s.io/kube-openapi v0.0.0-20180719232738-d8ea2fe547a4
go: finding github.com/beorn7/perks v0.0.0-20180321164747-3a771d992973
go: finding github.com/spf13/viper v1.0.2
go: finding github.com/pelletier/go-buffruneio v0.2.0
go: finding github.com/modern-go/concurrent v0.0.0-20180306012644-bacd9c7ef1dd
go: finding github.com/satori/go.uuid v1.2.0
go: finding github.com/hpcloud/tail v1.0.0
go: finding github.com/spf13/jwalterweatherman v0.0.0-20180109140146-7c0cea34c8ec
go: finding github.com/codeship/codeship-go v0.0.0-20180717142545-7793ca823354
go: finding github.com/google/gofuzz v0.0.0-20170612174753-24818f796faf
go: finding github.com/andygrunwald/go-gerrit v0.0.0-20181026193842-43cfd7a94eb4
go: finding k8s.io/kubernetes v1.11.3
go: finding github.com/fsnotify/fsnotify v1.4.7
go: finding github.com/shurcooL/go v0.0.0-20180423040247-9e1955d9fb6e
go: finding github.com/denormal/go-gitignore v0.0.0-20180713143441-75ce8f3e513c
go: finding github.com/stoewer/go-strcase v1.0.1
go: finding github.com/prometheus/client_model v0.0.0-20180712105110-5c3871d89910
go: finding github.com/sethvargo/go-password v0.1.2
go: finding github.com/fatih/color v1.7.0
go: finding github.com/alecthomas/units v0.0.0-20151022065526-2efee857e7cf
go: finding github.com/evanphx/json-patch v4.1.0+incompatible
go: finding github.com/xanzy/go-gitlab v0.0.0-20180814191223-f3bc634ab936
go: finding github.com/mattn/go-isatty v0.0.3
go: finding github.com/chromedp/cdproto v0.0.0-20180703215205-c125a34ea3b3
go: finding golang.org/x/tools v0.0.0-20180723204246-ded554d0681e
go: finding github.com/acarl005/stripansi v0.0.0-20180116102854-5a71ef0e047d
go: finding gopkg.in/alecthomas/kingpin.v2 v2.2.6
go: finding github.com/emirpasic/gods v1.9.0
go: finding github.com/prometheus/client_golang v0.8.0
go: finding github.com/mitchellh/go-homedir v0.0.0-20180523094522-3864e76763d9
go: finding github.com/chromedp/cdproto v0.0.0-20180720050708-57cf4773008d
go: finding github.com/golang/protobuf v1.1.0
go: finding github.com/IBM-Cloud/bluemix-go v0.0.0-20181008063305-d718d474c7c2
go: finding github.com/prometheus/procfs v0.0.0-20180705121852-ae68e2d4c00f
go: finding github.com/mailru/easyjson v0.0.0-20180606163543-3fdea8d05856
go: finding github.com/golang/glog v0.0.0-20160126235308-23def4e6c14b
go: finding github.com/jbenet/go-context v0.0.0-20150711004518-d14ea06fba99
go: finding github.com/wbrefvem/go-bitbucket v0.0.0-20180917214347-1c96061fe622
go: finding github.com/alecthomas/template v0.0.0-20160405071501-a0175ee3bccc
go: finding github.com/alexflint/go-filemutex v0.0.0-20171028004239-d358565f3c3f
go: finding github.com/shirou/gopsutil v0.0.0-20180901134234-eb1f1ab16f2e
go: finding github.com/mgutz/ansi v0.0.0-20170206155736-9520e82c474b
go: finding github.com/hashicorp/vault v0.11.4
go: finding github.com/pborman/uuid v0.0.0-20170612153648-e790cca94e6c
go: finding k8s.io/client-go v8.0.0+incompatible
go: finding k8s.io/apimachinery v0.0.0-20180621070125-103fd098999d
go: finding github.com/aws/aws-sdk-go v1.15.50
go: finding k8s.io/code-generator v0.0.0-20181017053441-8c97d6ab64da
go: finding golang.org/x/image v0.0.0-20180628062038-cc896f830ced
go: finding github.com/gobwas/glob v0.2.3
go: finding github.com/MakeNowJust/heredoc v0.0.0-20171113091838-e9091a26100e
go: finding k8s.io/metrics v0.0.0-20180620010437-b11cf31b380b
go: finding github.com/hashicorp/go-sockaddr v0.0.0-20180320115054-6d291a969b86
go: finding gopkg.in/fsnotify.v1 v1.4.7
go: finding github.com/BurntSushi/toml v0.3.0
go: finding github.com/stretchr/testify v1.2.2
go: finding github.com/gogo/protobuf v1.1.1
go: finding github.com/Azure/go-autorest v10.14.0+incompatible
go: finding github.com/spf13/afero v1.1.1
go: finding github.com/gorilla/websocket v1.2.0
go: finding github.com/sergi/go-diff v1.0.0
go: finding github.com/cenkalti/backoff v2.0.0+incompatible
go: finding k8s.io/test-infra v0.0.0-20181113004108-9b11013021d9
go: finding github.com/gorilla/context v1.1.1
go: finding github.com/russross/blackfriday v1.5.1
go: finding github.com/dgrijalva/jwt-go v3.2.0+incompatible
go: finding golang.org/x/oauth2 v0.0.0-20180620175406-ef147856a6dd
go: finding github.com/pelletier/go-toml v1.2.0
go: finding golang.org/x/image v0.0.0-20180708004352-c73c2afc3b81
go: finding google.golang.org/appengine v1.1.0
go: finding google.golang.org/grpc v1.13.0
go: finding github.com/rifflock/lfshook v0.0.0-20180227222202-bf539943797a
go: finding k8s.io/gengo v0.0.0-20180718083919-906d99f89cd6
go: finding github.com/spf13/cast v1.2.0
go: finding github.com/ryanuber/go-glob v0.0.0-20170128012129-256dc444b735
go: finding github.com/Masterminds/semver v1.4.2
go: finding google.golang.org/genproto v0.0.0-20180722052100-02b4e9547331
go: finding gopkg.in/tomb.v1 v1.0.0-20141024135613-dd632973f1e7
go: finding github.com/prometheus/common v0.0.0-20180518154759-7600349dcfe1
go: finding github.com/petergtz/pegomock v0.0.0-20181008215750-9750219ad78b
go: finding github.com/rodaine/hclencoder v0.0.0-20180926060551-0680c4321930
go: finding github.com/shurcooL/githubv4 v0.0.0-20180509030948-19298c78142b
go: finding github.com/gorilla/mux v1.6.2
go: finding github.com/shurcooL/graphql v0.0.0-20180514000029-62c9ce094e75
go: finding github.com/pierrec/lz4 v2.0.5+incompatible
go: finding github.com/golang/snappy v0.0.0-20180518054509-2e65f85255db
go: finding github.com/hashicorp/go-version v0.0.0-20180716215031-270f2f71b1ee
go: finding github.com/go-ole/go-ole v1.2.1
go: finding github.com/jenkins-x/draft-repo v0.0.0-20180417100212-2f66cc518135
go: finding github.com/go-openapi/spec v0.17.1
go: finding github.com/googleapis/gnostic v0.2.0
go: finding github.com/go-ini/ini v1.25.4
go: finding github.com/nlopes/slack v0.0.0-20180721202243-347a74b1ea30
go: finding google.golang.org/api v0.0.0-20180724000608-2c45710c7f3f
go: finding github.com/kr/pty v1.1.2
go: finding github.com/andygrunwald/go-jira v1.5.0
go: finding github.com/google/go-github v17.0.0+incompatible
go: finding github.com/googleapis/gax-go v2.0.0+incompatible
go: finding github.com/beevik/etree v1.0.1
go: finding github.com/heptio/sonobuoy v0.12.0
go: finding github.com/davecgh/go-spew v1.1.1
go: finding github.com/blang/semver v3.5.1+incompatible
go: finding github.com/Pallinder/go-randomdata v0.0.0-20180616180521-15df0648130a
go: finding github.com/danwakefield/fnmatch v0.0.0-20160403171240-cbb64ac3d964
go: finding github.com/go-openapi/jsonpointer v0.17.0
go: finding github.com/StackExchange/wmi v0.0.0-20180116203802-5d049714c4a6
go: finding github.com/hashicorp/hcl v0.0.0-20180404174102-ef8a98b0bbce
go: finding github.com/PuerkitoBio/urlesc v0.0.0-20170810143723-de5bf2ad4578
go: finding github.com/hashicorp/go-rootcerts v0.0.0-20160503143440-6bb64b370b90
go: finding github.com/sirupsen/logrus v1.0.6
go: finding github.com/peterbourgon/diskv v2.0.1+incompatible
go: finding github.com/pkg/errors v0.8.0
go: finding github.com/jmespath/go-jmespath v0.0.0-20160202185014-0b12d6b521d8
go: finding github.com/jenkins-x/golang-jenkins v0.0.0-20180919102630-65b83ad42314
go: finding github.com/ghodss/yaml v1.0.0
go: finding github.com/pkg/browser v0.0.0-20170505125900-c90ca0c84f15
go: finding github.com/hashicorp/errwrap v1.0.0
go: finding github.com/go-openapi/jsonreference v0.17.0
go: finding gopkg.in/check.v1 v0.0.0-20161208181325-20d25e280405
go: finding github.com/pmezard/go-difflib v1.0.0
go: finding github.com/PuerkitoBio/purell v1.1.0
go: finding github.com/google/go-querystring v0.0.0-20170111101155-53e6ce116135
go: finding github.com/gorilla/securecookie v1.1.1
go: finding gopkg.in/src-d/go-billy.v4 v4.2.0
go: finding k8s.io/cli-runtime v0.0.0-20181026155151-1ee5ba10d7e3
go: finding github.com/go-ini/ini v1.38.1
go: finding github.com/go-openapi/swag v0.17.0
go: finding github.com/knq/sysutil v0.0.0-20180306023629-0218e141a794
go: finding k8s.io/api v0.0.0-20180628040859-072894a440bd+incompatible
go: finding golang.org/x/net v0.0.0-20181005035420-146acd28ed58
go: finding cloud.google.com/go v0.25.0
go: finding golang.org/x/text v0.3.0
go: finding github.com/jenkins-x/chyle v0.0.0-20180226080600-68f7a93a63ec
go: finding github.com/json-iterator/go v0.0.0-20180701071628-ab8a2e0c74be
go: finding github.com/imdario/mergo v0.3.5
go: finding github.com/emicklei/go-restful v2.8.0+incompatible
go: finding github.com/mailru/easyjson v0.0.0-20180823135443-60711f1a8329
go: finding github.com/Netflix/go-expect v0.0.0-20180814212900-124a37274874
go: finding github.com/hashicorp/go-cleanhttp v0.5.0
go: finding github.com/hashicorp/go-retryablehttp v0.0.0-20180718195005-e651d75abec6
go: downloading github.com/IBM-Cloud/bluemix-go v0.0.0-20181008063305-d718d474c7c2
go: downloading github.com/heptio/sonobuoy v0.12.0
go: downloading github.com/cenkalti/backoff v2.0.0+incompatible
go: downloading github.com/aws/aws-sdk-go v1.15.50
go: downloading k8s.io/client-go v8.0.0+incompatible
go: downloading github.com/denormal/go-gitignore v0.0.0-20180713143441-75ce8f3e513c
go: downloading github.com/banzaicloud/bank-vaults v0.0.0-20181129101211-e31657d7c4fe
go: downloading github.com/sirupsen/logrus v1.0.6
go: downloading k8s.io/apimachinery v0.0.0-20180621070125-103fd098999d
go: downloading github.com/pkg/browser v0.0.0-20170505125900-c90ca0c84f15
go: downloading golang.org/x/net v0.0.0-20181005035420-146acd28ed58
go: downloading github.com/hpcloud/tail v1.0.0
go: downloading k8s.io/test-infra v0.0.0-20181113004108-9b11013021d9
go: downloading github.com/knative/build v0.0.0-20180906201914-846036c8b91d
go: downloading github.com/ghodss/yaml v1.0.0
go: downloading gopkg.in/src-d/go-git.v4 v4.5.0
go: downloading k8s.io/api v0.0.0-20180628040859-072894a440bd+incompatible
go: downloading github.com/pborman/uuid v0.0.0-20170612153648-e790cca94e6c
go: downloading golang.org/x/crypto v0.0.0-20181203042331-505ab145d0a9
go: downloading k8s.io/helm v2.7.2+incompatible
go: downloading gopkg.in/AlecAivazis/survey.v1 v1.6.2
go: downloading github.com/jenkins-x/chyle v0.0.0-20180226080600-68f7a93a63ec
go: downloading github.com/stoewer/go-strcase v1.0.1
go: downloading github.com/nlopes/slack v0.0.0-20180721202243-347a74b1ea30
go: downloading k8s.io/metrics v0.0.0-20180620010437-b11cf31b380b
go: downloading github.com/satori/go.uuid v1.2.0
go: downloading gopkg.in/fsnotify.v1 v1.4.7
go: downloading github.com/Pallinder/go-randomdata v0.0.0-20180616180521-15df0648130a
go: downloading golang.org/x/sync v0.0.0-20180314180146-1d60e4601c6f
go: downloading golang.org/x/sys v0.0.0-20181206074257-70b957f3b65e
go: downloading golang.org/x/oauth2 v0.0.0-20180620175406-ef147856a6dd
go: downloading github.com/kballard/go-shellquote v0.0.0-20180428030007-95032a82bc51
go: downloading github.com/jenkins-x/draft-repo v0.0.0-20180417100212-2f66cc518135
go: downloading github.com/gogo/protobuf v1.1.1
go: downloading k8s.io/apiextensions-apiserver v0.0.0-20180621085152-bbc52469f98b
go: downloading github.com/c2h5oh/datasize v0.0.0-20171227191756-4eba002a5eae
go: downloading github.com/hashicorp/go-version v0.0.0-20180716215031-270f2f71b1ee
go: downloading github.com/jenkins-x/golang-jenkins v0.0.0-20180919102630-65b83ad42314
go: downloading github.com/spf13/pflag v1.0.1
go: downloading github.com/danwakefield/fnmatch v0.0.0-20160403171240-cbb64ac3d964
go: downloading github.com/gorilla/websocket v1.2.0
go: downloading github.com/onsi/ginkgo v1.6.0
go: downloading github.com/docker/spdystream v0.0.0-20170912183627-bc6354cbbc29
go: downloading github.com/codeship/codeship-go v0.0.0-20180717142545-7793ca823354
go: downloading golang.org/x/time v0.0.0-20180412165947-fbb02b2291d2
go: downloading github.com/alexflint/go-filemutex v0.0.0-20171028004239-d358565f3c3f
go: downloading github.com/chromedp/cdproto v0.0.0-20180720050708-57cf4773008d
go: downloading gopkg.in/yaml.v2 v2.2.1
go: downloading github.com/golang/protobuf v1.1.0
go: downloading github.com/mailru/easyjson v0.0.0-20180823135443-60711f1a8329
go: downloading github.com/spf13/viper v1.0.2
go: downloading github.com/pkg/errors v0.8.0
go: downloading github.com/chromedp/chromedp v0.1.1
go: downloading github.com/knq/sysutil v0.0.0-20180306023629-0218e141a794
go: downloading github.com/gobwas/glob v0.2.3
go: downloading github.com/hashicorp/hcl v0.0.0-20180404174102-ef8a98b0bbce
go: downloading github.com/google/go-github v17.0.0+incompatible
go: downloading github.com/golang/glog v0.0.0-20160126235308-23def4e6c14b
go: downloading github.com/Azure/draft v0.15.0
go: downloading github.com/andygrunwald/go-jira v1.5.0
go: downloading github.com/sergi/go-diff v1.0.0
go: downloading gopkg.in/src-d/go-billy.v4 v4.2.0
go: downloading github.com/spf13/cast v1.2.0
go: downloading github.com/rodaine/hclencoder v0.0.0-20180926060551-0680c4321930
go: downloading gopkg.in/inf.v0 v0.9.1
go: downloading github.com/Azure/go-autorest v10.14.0+incompatible
go: downloading github.com/BurntSushi/toml v0.3.0
go: downloading github.com/gophercloud/gophercloud v0.0.0-20180721014243-9bb899a7c1d9
go: downloading github.com/hashicorp/vault v0.11.4
go: downloading github.com/pelletier/go-toml v1.2.0
go: downloading gopkg.in/robfig/cron.v2 v2.0.0-20150107220207-be2e0b0deed5
go: downloading github.com/dgrijalva/jwt-go v3.2.0+incompatible
go: downloading github.com/spf13/cobra v0.0.3
go: downloading github.com/src-d/gcfg v1.3.0
go: downloading github.com/bwmarrin/snowflake v0.0.0-20180412010544-68117e6bbede
go: downloading github.com/blang/semver v3.5.1+incompatible
go: downloading github.com/sethvargo/go-password v0.1.2
go: downloading github.com/prometheus/client_golang v0.8.0
go: downloading github.com/emirpasic/gods v1.9.0
go: downloading github.com/spf13/afero v1.1.1
go: downloading golang.org/x/text v0.3.0
go: downloading github.com/jbrukh/bayesian v0.0.0-20161210175230-bf3f261f9a9c
go: downloading github.com/beevik/etree v1.0.1
go: downloading github.com/MakeNowJust/heredoc v0.0.0-20171113091838-e9091a26100e
go: downloading github.com/gorilla/mux v1.6.2
go: downloading github.com/google/gofuzz v0.0.0-20170612174753-24818f796faf
go: downloading github.com/magiconair/properties v1.8.0
go: downloading github.com/rifflock/lfshook v0.0.0-20180227222202-bf539943797a
go: downloading github.com/gregjones/httpcache v0.0.0-20180305231024-9cad4c3443a7
go: downloading gopkg.in/tomb.v1 v1.0.0-20141024135613-dd632973f1e7
go: downloading github.com/fsnotify/fsnotify v1.4.7
go: downloading github.com/prometheus/client_model v0.0.0-20180712105110-5c3871d89910
go: downloading code.gitea.io/sdk v0.0.0-20180702024448-79a281c4e34a
go: downloading github.com/google/go-querystring v0.0.0-20170111101155-53e6ce116135
go: downloading github.com/hashicorp/golang-lru v0.0.0-20180201235237-0fb14efe8c47
go: downloading github.com/imdario/mergo v0.3.5
go: downloading github.com/Jeffail/gabs v1.1.0
go: downloading github.com/trivago/tgo v1.0.1
go: downloading github.com/russross/blackfriday v1.5.1
go: downloading github.com/xanzy/ssh-agent v0.2.0
go: downloading gopkg.in/warnings.v0 v0.1.2
go: downloading github.com/wbrefvem/go-bitbucket v0.0.0-20180917214347-1c96061fe622
go: downloading github.com/prometheus/procfs v0.0.0-20180705121852-ae68e2d4c00f
go: downloading github.com/cpuguy83/go-md2man v1.0.8
go: downloading github.com/jbenet/go-context v0.0.0-20150711004518-d14ea06fba99
go: downloading github.com/kevinburke/ssh_config v0.0.0-20180317175531-9fc7bb800b55
go: downloading github.com/stretchr/testify v1.2.2
go: downloading github.com/mgutz/ansi v0.0.0-20170206155736-9520e82c474b
go: downloading github.com/prometheus/common v0.0.0-20180518154759-7600349dcfe1
go: downloading github.com/mitchellh/go-homedir v0.0.0-20180523094522-3864e76763d9
go: downloading github.com/googleapis/gnostic v0.2.0
go: downloading github.com/spf13/jwalterweatherman v0.0.0-20180109140146-7c0cea34c8ec
go: downloading github.com/beorn7/perks v0.0.0-20180321164747-3a771d992973
go: downloading github.com/peterbourgon/diskv v2.0.1+incompatible
go: downloading github.com/operator-framework/operator-sdk v0.0.0-20181011175812-913cbf711929
go: downloading github.com/json-iterator/go v0.0.0-20180701071628-ab8a2e0c74be
go: downloading github.com/viniciuschiele/tarx v0.0.0-20151205142357-6e3da540444d
go: downloading github.com/shirou/gopsutil v0.0.0-20180901134234-eb1f1ab16f2e
go: downloading github.com/pmezard/go-difflib v1.0.0
go: downloading github.com/google/btree v0.0.0-20180124185431-e89373fe6b4a
go: downloading k8s.io/kube-openapi v0.0.0-20180719232738-d8ea2fe547a4
go: downloading github.com/mattn/go-colorable v0.0.9
go: downloading github.com/shurcooL/githubv4 v0.0.0-20180509030948-19298c78142b
go: downloading github.com/gfleury/go-bitbucket-v1 v0.0.0-20181102191809-4910839b609e
go: downloading github.com/go-ini/ini v1.38.1
go: downloading cloud.google.com/go v0.25.0
go: downloading github.com/mitchellh/mapstructure v0.0.0-20180715050151-f15292f7a699
go: downloading github.com/mattn/go-isatty v0.0.3
go: downloading github.com/pelletier/go-buffruneio v0.2.0
go: downloading github.com/modern-go/reflect2 v0.0.0-20180701023420-4b7aa43c6742
go: downloading github.com/fatih/structs v1.0.0
go: downloading github.com/xanzy/go-gitlab v0.0.0-20180814191223-f3bc634ab936
go: downloading google.golang.org/api v0.0.0-20180724000608-2c45710c7f3f
go: downloading github.com/shurcooL/graphql v0.0.0-20180514000029-62c9ce094e75
go: downloading github.com/gorilla/sessions v1.1.1
go: downloading github.com/disintegration/imaging v1.4.2
go: downloading github.com/Masterminds/semver v1.4.2
go: downloading github.com/andygrunwald/go-gerrit v0.0.0-20181026193842-43cfd7a94eb4
go: downloading github.com/shurcooL/go v0.0.0-20180423040247-9e1955d9fb6e
go: downloading github.com/gorilla/context v1.1.1
go: downloading github.com/modern-go/concurrent v0.0.0-20180306012644-bacd9c7ef1dd
go: downloading github.com/matttproud/golang_protobuf_extensions v1.0.1
go: downloading github.com/jmespath/go-jmespath v0.0.0-20160202185014-0b12d6b521d8
go: downloading github.com/gorilla/securecookie v1.1.1
go: downloading github.com/davecgh/go-spew v1.1.1
go: downloading github.com/fatih/color v1.7.0
go: downloading golang.org/x/image v0.0.0-20180708004352-c73c2afc3b81
go: downloading google.golang.org/genproto v0.0.0-20180722052100-02b4e9547331
go: downloading github.com/googleapis/gax-go v2.0.0+incompatible
go: downloading google.golang.org/grpc v1.13.0
go: downloading go.opencensus.io v0.14.0
go: downloading github.com/hashicorp/errwrap v1.0.0
go: downloading github.com/hashicorp/go-retryablehttp v0.0.0-20180718195005-e651d75abec6
go: downloading github.com/hashicorp/go-cleanhttp v0.5.0
go: downloading github.com/hashicorp/go-rootcerts v0.0.0-20160503143440-6bb64b370b90
go: downloading github.com/hashicorp/go-multierror v1.0.0
go: downloading github.com/pierrec/lz4 v2.0.5+incompatible
go: downloading github.com/golang/snappy v0.0.0-20180518054509-2e65f85255db
go: downloading github.com/hashicorp/go-sockaddr v0.0.0-20180320115054-6d291a969b86
go: downloading github.com/ryanuber/go-glob v0.0.0-20170128012129-256dc444b735
[Pipeline] sh
                                                    + test 0 -eq 0
[Pipeline] sh
+ make test-slow-integration
go: downloading github.com/hinshun/vt10x v0.0.0-20180809195222-d55458df857c
go: downloading github.com/Netflix/go-expect v0.0.0-20180814212900-124a37274874
go: downloading github.com/petergtz/pegomock v0.0.0-20181008215750-9750219ad78b
go: downloading github.com/acarl005/stripansi v0.0.0-20180116102854-5a71ef0e047d
go: downloading github.com/kr/pty v1.1.2
go: downloading github.com/bouk/monkey v1.0.0
go: downloading github.com/onsi/gomega v1.4.1
?   	github.com/jenkins-x/jx/cmd/ip	[no test files]
?   	github.com/jenkins-x/jx/cmd/jx	[no test files]
?   	github.com/jenkins-x/jx/cmd/jx/app	[no test files]
?   	github.com/jenkins-x/jx/pkg/addon	[no test files]
?   	github.com/jenkins-x/jx/pkg/apis/jenkins.io	[no test files]
?   	github.com/jenkins-x/jx/pkg/apis/jenkins.io/v1	[no test files]
=== RUN   TestAuthConfig
=== PAUSE TestAuthConfig
=== RUN   TestAuthConfigGetsDefaultName
=== PAUSE TestAuthConfigGetsDefaultName
=== RUN   TestDeleteServer
=== PAUSE TestDeleteServer
=== RUN   TestDeleteServer2
=== PAUSE TestDeleteServer2
=== RUN   TestValidUser
=== PAUSE TestValidUser
=== RUN   TestValidServer
=== PAUSE TestValidServer
=== RUN   TestPipelineUser
=== PAUSE TestPipelineUser
=== RUN   TestCreateAuthUserFromEnvironment
=== RUN   TestCreateAuthUserFromEnvironment/create_auth_user_from_environment_with_api_token
=== RUN   TestCreateAuthUserFromEnvironment/create_auth_user_from_environment_with_bearer_token
=== RUN   TestCreateAuthUserFromEnvironment/create_auth_user_from_environment_with_default_name
--- PASS: TestCreateAuthUserFromEnvironment (0.00s)
    --- PASS: TestCreateAuthUserFromEnvironment/create_auth_user_from_environment_with_api_token (0.00s)
    --- PASS: TestCreateAuthUserFromEnvironment/create_auth_user_from_environment_with_bearer_token (0.00s)
    --- PASS: TestCreateAuthUserFromEnvironment/create_auth_user_from_environment_with_default_name (0.00s)
=== RUN   TestIsInvalid
=== RUN   TestIsInvalid/valid_user_with_only_a_bearer_token
=== RUN   TestIsInvalid/valid_user_with_api_token
=== RUN   TestIsInvalid/valid_user_with_bearer_token
=== RUN   TestIsInvalid/valid_user_with_api_token_and_bearer_token
=== RUN   TestIsInvalid/invalid_user_when_empty
=== RUN   TestIsInvalid/invalid_user_with_only_a_username
=== RUN   TestIsInvalid/invalid_user_with_only_a_api_token
--- PASS: TestIsInvalid (0.00s)
    --- PASS: TestIsInvalid/valid_user_with_only_a_bearer_token (0.00s)
    --- PASS: TestIsInvalid/valid_user_with_api_token (0.00s)
    --- PASS: TestIsInvalid/valid_user_with_bearer_token (0.00s)
    --- PASS: TestIsInvalid/valid_user_with_api_token_and_bearer_token (0.00s)
    --- PASS: TestIsInvalid/invalid_user_when_empty (0.00s)
    --- PASS: TestIsInvalid/invalid_user_with_only_a_username (0.00s)
    --- PASS: TestIsInvalid/invalid_user_with_only_a_api_token (0.00s)
=== CONT  TestAuthConfig
=== CONT  TestValidUser
=== RUN   TestValidUser/invalid_user
=== RUN   TestValidUser/invalid_user_only_with_username
=== RUN   TestValidUser/invalid_user_only_with_api_token
=== RUN   TestValidUser/invalid_user_only_with_password
=== RUN   TestValidUser/valid_user_with_api_token
=== RUN   TestValidUser/valid_user_with_password
=== RUN   TestValidUser/valid_user_with_bearer_token
--- PASS: TestValidUser (0.00s)
    --- PASS: TestValidUser/invalid_user (0.00s)
    --- PASS: TestValidUser/invalid_user_only_with_username (0.00s)
    --- PASS: TestValidUser/invalid_user_only_with_api_token (0.00s)
    --- PASS: TestValidUser/invalid_user_only_with_password (0.00s)
    --- PASS: TestValidUser/valid_user_with_api_token (0.00s)
    --- PASS: TestValidUser/valid_user_with_password (0.00s)
    --- PASS: TestValidUser/valid_user_with_bearer_token (0.00s)
=== CONT  TestDeleteServer2
--- PASS: TestDeleteServer2 (0.00s)
=== CONT  TestAuthConfigGetsDefaultName
--- PASS: TestAuthConfigGetsDefaultName (0.00s)
=== CONT  TestValidServer
=== RUN   TestValidServer/invalid_server_without_URL
=== RUN   TestValidServer/invalid_server_with_invalid_user
=== RUN   TestValidServer/valid_server
=== RUN   TestValidServer/invalid_server_without_users
--- PASS: TestValidServer (0.00s)
    --- PASS: TestValidServer/invalid_server_without_URL (0.00s)
    --- PASS: TestValidServer/invalid_server_with_invalid_user (0.00s)
    --- PASS: TestValidServer/valid_server (0.00s)
    --- PASS: TestValidServer/invalid_server_without_users (0.00s)
=== CONT  TestPipelineUser
=== RUN   TestPipelineUser/pipeline_user
=== CONT  TestDeleteServer
--- PASS: TestDeleteServer (0.00s)
=== RUN   TestPipelineUser/pipeline_user_when_no_user_available
=== RUN   TestPipelineUser/pipeline_user_when_no_pipeline_user_available
--- PASS: TestPipelineUser (0.01s)
    --- PASS: TestPipelineUser/pipeline_user (0.00s)
    --- PASS: TestPipelineUser/pipeline_user_when_no_user_available (0.00s)
    --- PASS: TestPipelineUser/pipeline_user_when_no_pipeline_user_available (0.00s)
--- PASS: TestAuthConfig (0.01s)
    auth_config_test.go:29: Using config file /tmp/jx-test-jenkins-config-290425234/jenkins.yaml
PASS
coverage: 33.7% of statements
ok  	github.com/jenkins-x/jx/pkg/auth	0.517s	coverage: 33.7% of statements
?   	github.com/jenkins-x/jx/pkg/auth/mocks	[no test files]
=== RUN   TestInstallIfExtractorIsEmpty
--- PASS: TestInstallIfExtractorIsEmpty (0.00s)
=== RUN   TestShouldNotInstall
--- PASS: TestShouldNotInstall (0.00s)
=== RUN   TestShouldInstall
--- PASS: TestShouldInstall (0.00s)
PASS
coverage: 55.6% of statements
ok  	github.com/jenkins-x/jx/pkg/binaries	0.178s	coverage: 55.6% of statements
=== RUN   TestVendGET
time="2019-01-10T14:00:14Z" level=info msg="Vending build number 3 for pipeline owner1/repo1/branch1 to ."
--- PASS: TestVendGET (0.00s)
=== RUN   TestVendGETMissingPipeline
time="2019-01-10T14:00:14Z" level=error msg="Missing pipeline identifier in URL path /vend/"
--- PASS: TestVendGETMissingPipeline (0.00s)
=== RUN   TestVendUnsupportedMethod
time="2019-01-10T14:00:14Z" level=error msg="Unsupported method DELETE for /vend/"
--- PASS: TestVendUnsupportedMethod (0.00s)
=== RUN   TestVendError
time="2019-01-10T14:00:14Z" level=error msg="Unable to get next build number for pipeline owner1/repo1/branch1" error="something bad getting a build number"
--- PASS: TestVendError (0.00s)
PASS
coverage: 45.2% of statements
ok  	github.com/jenkins-x/jx/pkg/buildnum	1.103s	coverage: 45.2% of statements
?   	github.com/jenkins-x/jx/pkg/buildnum/mocks	[no test files]
?   	github.com/jenkins-x/jx/pkg/buildnum/mocks/matchers	[no test files]
=== RUN   TestJenkinsfileGenerator
=== PAUSE TestJenkinsfileGenerator
=== RUN   TestCreateBuildPodInfo
=== PAUSE TestCreateBuildPodInfo
=== CONT  TestJenkinsfileGenerator
--- PASS: TestJenkinsfileGenerator (0.00s)
=== CONT  TestCreateBuildPodInfo
--- PASS: TestCreateBuildPodInfo (0.06s)
PASS
coverage: 49.8% of statements
ok  	github.com/jenkins-x/jx/pkg/builds	1.488s	coverage: 49.8% of statements
?   	github.com/jenkins-x/jx/pkg/certmanager	[no test files]
?   	github.com/jenkins-x/jx/pkg/chats	[no test files]
?   	github.com/jenkins-x/jx/pkg/client/clientset/versioned	[no test files]
?   	github.com/jenkins-x/jx/pkg/client/clientset/versioned/fake	[no test files]
?   	github.com/jenkins-x/jx/pkg/client/clientset/versioned/scheme	[no test files]
?   	github.com/jenkins-x/jx/pkg/client/clientset/versioned/typed/jenkins.io/v1	[no test files]
?   	github.com/jenkins-x/jx/pkg/client/clientset/versioned/typed/jenkins.io/v1/fake	[no test files]
?   	github.com/jenkins-x/jx/pkg/client/informers/externalversions	[no test files]
?   	github.com/jenkins-x/jx/pkg/client/informers/externalversions/internalinterfaces	[no test files]
?   	github.com/jenkins-x/jx/pkg/client/informers/externalversions/jenkins.io	[no test files]
?   	github.com/jenkins-x/jx/pkg/client/informers/externalversions/jenkins.io/v1	[no test files]
?   	github.com/jenkins-x/jx/pkg/client/listers/jenkins.io/v1	[no test files]
=== RUN   TestGetClusterClient
--- PASS: TestGetClusterClient (0.00s)
=== RUN   TestNotACR
--- PASS: TestNotACR (0.00s)
=== RUN   TestNoRegistrySet
--- PASS: TestNoRegistrySet (0.00s)
=== RUN   TestRegistry404
--- PASS: TestRegistry404 (0.00s)
PASS
coverage: 81.2% of statements
ok  	github.com/jenkins-x/jx/pkg/cloud/aks	0.323s	coverage: 81.2% of statements
=== RUN   TestResolvingDefaultRegion
--- PASS: TestResolvingDefaultRegion (0.00s)
=== RUN   TestResolvingRegionFromAwsRegionEnv
--- PASS: TestResolvingRegionFromAwsRegionEnv (0.00s)
=== RUN   TestResolvingRegionFromAwsDefaultRegionEnv
--- PASS: TestResolvingRegionFromAwsDefaultRegionEnv (0.00s)
=== RUN   TestReturnOption
--- PASS: TestReturnOption (0.00s)
=== RUN   TestReadingRegionFromConfigProfile
--- PASS: TestReadingRegionFromConfigProfile (0.00s)
=== RUN   TestReadingRegionFromEnvProfile
--- PASS: TestReadingRegionFromEnvProfile (0.00s)
=== RUN   TestCreateNewSessionWithDefaultRegion
--- PASS: TestCreateNewSessionWithDefaultRegion (0.00s)
=== RUN   TestCreateNewSessionWithRegionFromAwsRegion
--- PASS: TestCreateNewSessionWithRegionFromAwsRegion (0.00s)
PASS
coverage: 8.9% of statements
ok  	github.com/jenkins-x/jx/pkg/cloud/amazon	0.153s	coverage: 8.9% of statements
=== RUN   TestGetRegionFromZone
=== PAUSE TestGetRegionFromZone
=== RUN   TestGetSimplifiedClusterName
=== PAUSE TestGetSimplifiedClusterName
=== RUN   TestShortClusterName
--- PASS: TestShortClusterName (0.00s)
=== RUN   TestClusterName
--- PASS: TestClusterName (0.00s)
=== CONT  TestGetRegionFromZone
--- PASS: TestGetRegionFromZone (0.00s)
=== CONT  TestGetSimplifiedClusterName
--- PASS: TestGetSimplifiedClusterName (0.00s)
PASS
coverage: 3.4% of statements
ok  	github.com/jenkins-x/jx/pkg/cloud/gke	0.852s	coverage: 3.4% of statements
?   	github.com/jenkins-x/jx/pkg/cloud/gke/vault	[no test files]
?   	github.com/jenkins-x/jx/pkg/cloud/iks	[no test files]
?   	github.com/jenkins-x/jx/pkg/cloud/oke	[no test files]
=== RUN   TestAdminSecrets
=== PAUSE TestAdminSecrets
=== RUN   TestEnvironmentExposecontrollerHelmValues
=== PAUSE TestEnvironmentExposecontrollerHelmValues
=== RUN   TestProjectConfigMarshal
=== PAUSE TestProjectConfigMarshal
=== CONT  TestAdminSecrets
=== CONT  TestProjectConfigMarshal
=== CONT  TestEnvironmentExposecontrollerHelmValues
--- PASS: TestEnvironmentExposecontrollerHelmValues (0.00s)
--- PASS: TestProjectConfigMarshal (0.00s)
--- PASS: TestAdminSecrets (0.00s)
PASS
coverage: 18.6% of statements
ok  	github.com/jenkins-x/jx/pkg/config	1.069s	coverage: 18.6% of statements
=== RUN   TestAnchoreProviderTestSuite
=== RUN   TestAnchoreProviderTestSuite/TestGetImageVulnerabilityTable
docker.io/jenkinsxio/nexus:0.0.6 High   RHSA-2018:0102 https://access.redhat.com/errata/RHSA-2018:0102 bind-license-9.9.4-51.el7_4.1 32:9.9.4-51.el7_4.2
docker.io/jenkinsxio/nexus:0.0.6 Medium RHSA-2018:0805 https://access.redhat.com/errata/RHSA-2018:0805 glibc-2.17-196.el7_4.2        0:2.17-222.el7
docker.io/jenkinsxio/nexus:0.0.6 Medium RHSA-2018:0805 https://access.redhat.com/errata/RHSA-2018:0805 glibc-common-2.17-196.el7_4.2 0:2.17-222.el7
docker.io/jenkinsxio/nexus:0.0.6 Medium RHSA-2018:0666 https://access.redhat.com/errata/RHSA-2018:0666 krb5-libs-1.15.1-8.el7        0:1.15.1-18.el7
docker.io/jenkinsxio/nexus:0.0.6 Low    RHSA-2018:0849 https://access.redhat.com/errata/RHSA-2018:0849 libgcc-4.8.5-16.el7_4.1       0:4.8.5-28.el7
docker.io/jenkinsxio/nexus:0.0.6 Low    RHSA-2018:0849 https://access.redhat.com/errata/RHSA-2018:0849 libstdc++-4.8.5-16.el7_4.1    0:4.8.5-28.el7
docker.io/jenkinsxio/nexus:0.0.6 Medium RHSA-2018:0998 https://access.redhat.com/errata/RHSA-2018:0998 openssl-libs-1.0.2k-8.el7     1:1.0.2k-12.el7
docker.io/jenkinsxio/nexus:0.0.6 Medium RHSA-2018:0260 https://access.redhat.com/errata/RHSA-2018:0260 systemd-219-42.el7_4.4        0:219-42.el7_4.7
docker.io/jenkinsxio/nexus:0.0.6 Medium RHSA-2018:0260 https://access.redhat.com/errata/RHSA-2018:0260 systemd-libs-219-42.el7_4.4   0:219-42.el7_4.7
=== RUN   TestAnchoreProviderTestSuite/TestUnmarshallImages
--- PASS: TestAnchoreProviderTestSuite (0.16s)
    --- PASS: TestAnchoreProviderTestSuite/TestGetImageVulnerabilityTable (0.01s)
    --- PASS: TestAnchoreProviderTestSuite/TestUnmarshallImages (0.06s)
PASS
coverage: 43.0% of statements
ok  	github.com/jenkins-x/jx/pkg/cve	1.637s	coverage: 43.0% of statements
?   	github.com/jenkins-x/jx/pkg/draft	[no test files]
?   	github.com/jenkins-x/jx/pkg/expose	[no test files]
=== RUN   TestEnsurePluginInstalled
Installing plugin jx-test.test-plugin version 0.0.1 for command jx test-plugin from http://localhost:33535/jx-test
--- PASS: TestEnsurePluginInstalled (0.02s)
PASS
coverage: 19.4% of statements
ok  	github.com/jenkins-x/jx/pkg/extensions	0.822s	coverage: 19.4% of statements
=== RUN   TestBitbucketCloudProviderTestSuite
=== RUN   TestBitbucketCloudProviderTestSuite/TestAcceptInvitations
Automatically adding the pipeline user as a collaborator is currently not implemented for bitbucket.
=== RUN   TestBitbucketCloudProviderTestSuite/TestAddCollaborator
Automatically adding the pipeline user as a collaborator is currently not implemented for bitbucket. Please add user: derek as a collaborator to this project.
=== RUN   TestBitbucketCloudProviderTestSuite/TestAddPRComment
Bitbucket Cloud doesn't support adding PR comments via the REST API
=== RUN   TestBitbucketCloudProviderTestSuite/TestCreateIssue
=== RUN   TestBitbucketCloudProviderTestSuite/TestCreateIssueComment
Bitbucket Cloud doesn't support adding issue comments viea the REST API
=== RUN   TestBitbucketCloudProviderTestSuite/TestCreateOrgPullRequest
=== RUN   TestBitbucketCloudProviderTestSuite/TestCreatePullRequest
=== RUN   TestBitbucketCloudProviderTestSuite/TestCreateWebHook
=== RUN   TestBitbucketCloudProviderTestSuite/TestDeleteRepository
=== RUN   TestBitbucketCloudProviderTestSuite/TestForkRepository
=== RUN   TestBitbucketCloudProviderTestSuite/TestGetIssue
=== RUN   TestBitbucketCloudProviderTestSuite/TestGetPullRequest
Unable to get commits for PR: test-user/test-repo/3 -- Status: 404 Not Found, Body: 404 page not found
=== RUN   TestBitbucketCloudProviderTestSuite/TestGetRepository
=== RUN   TestBitbucketCloudProviderTestSuite/TestListCommitStatus
=== RUN   TestBitbucketCloudProviderTestSuite/TestListInvitations
Automatically adding the pipeline user as a collaborator is currently not implemented for bitbucket.
=== RUN   TestBitbucketCloudProviderTestSuite/TestListRepositories
=== RUN   TestBitbucketCloudProviderTestSuite/TestMergePullRequest
=== RUN   TestBitbucketCloudProviderTestSuite/TestPullRequestCommits
=== RUN   TestBitbucketCloudProviderTestSuite/TestPullRequestLastCommitStatus
=== RUN   TestBitbucketCloudProviderTestSuite/TestRenameRepository
=== RUN   TestBitbucketCloudProviderTestSuite/TestSearchIssues
=== RUN   TestBitbucketCloudProviderTestSuite/TestUpdateOrgPullRequestStatus
=== RUN   TestBitbucketCloudProviderTestSuite/TestUpdatePullRequestStatus
=== RUN   TestBitbucketCloudProviderTestSuite/TestUpdateRelease
Bitbucket Cloud doesn't support releases
=== RUN   TestBitbucketCloudProviderTestSuite/TestUserInfo
=== RUN   TestBitbucketCloudProviderTestSuite/TestValidateRepositoryName
--- PASS: TestBitbucketCloudProviderTestSuite (60.12s)
    --- PASS: TestBitbucketCloudProviderTestSuite/TestAcceptInvitations (0.00s)
    --- PASS: TestBitbucketCloudProviderTestSuite/TestAddCollaborator (0.00s)
    --- PASS: TestBitbucketCloudProviderTestSuite/TestAddPRComment (0.00s)
    --- PASS: TestBitbucketCloudProviderTestSuite/TestCreateIssue (0.01s)
    --- PASS: TestBitbucketCloudProviderTestSuite/TestCreateIssueComment (0.00s)
    --- PASS: TestBitbucketCloudProviderTestSuite/TestCreateOrgPullRequest (0.00s)
    --- PASS: TestBitbucketCloudProviderTestSuite/TestCreatePullRequest (0.00s)
    --- PASS: TestBitbucketCloudProviderTestSuite/TestCreateWebHook (0.00s)
    --- PASS: TestBitbucketCloudProviderTestSuite/TestDeleteRepository (0.00s)
    --- PASS: TestBitbucketCloudProviderTestSuite/TestForkRepository (60.04s)
    --- PASS: TestBitbucketCloudProviderTestSuite/TestGetIssue (0.00s)
    --- PASS: TestBitbucketCloudProviderTestSuite/TestGetPullRequest (0.00s)
    --- PASS: TestBitbucketCloudProviderTestSuite/TestGetRepository (0.00s)
    --- PASS: TestBitbucketCloudProviderTestSuite/TestListCommitStatus (0.00s)
    --- PASS: TestBitbucketCloudProviderTestSuite/TestListInvitations (0.00s)
    --- PASS: TestBitbucketCloudProviderTestSuite/TestListRepositories (0.00s)
    --- PASS: TestBitbucketCloudProviderTestSuite/TestMergePullRequest (0.00s)
    --- PASS: TestBitbucketCloudProviderTestSuite/TestPullRequestCommits (0.00s)
    --- PASS: TestBitbucketCloudProviderTestSuite/TestPullRequestLastCommitStatus (0.00s)
    --- PASS: TestBitbucketCloudProviderTestSuite/TestRenameRepository (0.00s)
    --- PASS: TestBitbucketCloudProviderTestSuite/TestSearchIssues (0.00s)
    --- PASS: TestBitbucketCloudProviderTestSuite/TestUpdateOrgPullRequestStatus (0.00s)
    --- PASS: TestBitbucketCloudProviderTestSuite/TestUpdatePullRequestStatus (0.00s)
    --- PASS: TestBitbucketCloudProviderTestSuite/TestUpdateRelease (0.00s)
    --- PASS: TestBitbucketCloudProviderTestSuite/TestUserInfo (0.00s)
    --- PASS: TestBitbucketCloudProviderTestSuite/TestValidateRepositoryName (0.00s)
=== RUN   TestBitbucketServerProviderTestSuite
=== RUN   TestBitbucketServerProviderTestSuite/TestAcceptInvitations
Automatically adding the pipeline user as a collaborator is currently not implemented for bitbucket.
=== RUN   TestBitbucketServerProviderTestSuite/TestAddCollaborator
Automatically adding the pipeline user as a collaborator is currently not implemented for bitbucket. Please add user: derek as a collaborator to this project.
=== RUN   TestBitbucketServerProviderTestSuite/TestAddPRComment
=== RUN   TestBitbucketServerProviderTestSuite/TestCreatePullRequest
=== RUN   TestBitbucketServerProviderTestSuite/TestCreateRepository
=== RUN   TestBitbucketServerProviderTestSuite/TestCreateWebHook
=== RUN   TestBitbucketServerProviderTestSuite/TestDeleteRepository
=== RUN   TestBitbucketServerProviderTestSuite/TestForkRepository
=== RUN   TestBitbucketServerProviderTestSuite/TestGetPullRequest
=== RUN   TestBitbucketServerProviderTestSuite/TestGetRepository
=== RUN   TestBitbucketServerProviderTestSuite/TestListCommitStatuses
=== RUN   TestBitbucketServerProviderTestSuite/TestListInvitations
Automatically adding the pipeline user as a collaborator is currently not implemented for bitbucket.
=== RUN   TestBitbucketServerProviderTestSuite/TestListOrganizations
=== RUN   TestBitbucketServerProviderTestSuite/TestListRepositories
=== RUN   TestBitbucketServerProviderTestSuite/TestMergePullRequest
=== RUN   TestBitbucketServerProviderTestSuite/TestPullRequestCommits
=== RUN   TestBitbucketServerProviderTestSuite/TestPullRequestLastCommitStatus
=== RUN   TestBitbucketServerProviderTestSuite/TestRenameRepository
=== RUN   TestBitbucketServerProviderTestSuite/TestUpdatePullRequestStatus
=== RUN   TestBitbucketServerProviderTestSuite/TestUserInfo
=== RUN   TestBitbucketServerProviderTestSuite/TestValidateRepositoryName
--- PASS: TestBitbucketServerProviderTestSuite (4.11s)
    --- PASS: TestBitbucketServerProviderTestSuite/TestAcceptInvitations (0.00s)
    --- PASS: TestBitbucketServerProviderTestSuite/TestAddCollaborator (0.00s)
    --- PASS: TestBitbucketServerProviderTestSuite/TestAddPRComment (0.00s)
    --- PASS: TestBitbucketServerProviderTestSuite/TestCreatePullRequest (2.01s)
    --- PASS: TestBitbucketServerProviderTestSuite/TestCreateRepository (0.00s)
    --- PASS: TestBitbucketServerProviderTestSuite/TestCreateWebHook (0.00s)
    --- PASS: TestBitbucketServerProviderTestSuite/TestDeleteRepository (0.00s)
    --- PASS: TestBitbucketServerProviderTestSuite/TestForkRepository (2.00s)
    --- PASS: TestBitbucketServerProviderTestSuite/TestGetPullRequest (0.00s)
    --- PASS: TestBitbucketServerProviderTestSuite/TestGetRepository (0.00s)
    --- PASS: TestBitbucketServerProviderTestSuite/TestListCommitStatuses (0.00s)
    --- PASS: TestBitbucketServerProviderTestSuite/TestListInvitations (0.00s)
    --- PASS: TestBitbucketServerProviderTestSuite/TestListOrganizations (0.00s)
    --- PASS: TestBitbucketServerProviderTestSuite/TestListRepositories (0.00s)
    --- PASS: TestBitbucketServerProviderTestSuite/TestMergePullRequest (0.00s)
    --- PASS: TestBitbucketServerProviderTestSuite/TestPullRequestCommits (0.00s)
    --- PASS: TestBitbucketServerProviderTestSuite/TestPullRequestLastCommitStatus (0.00s)
    --- PASS: TestBitbucketServerProviderTestSuite/TestRenameRepository (0.00s)
    --- PASS: TestBitbucketServerProviderTestSuite/TestUpdatePullRequestStatus (0.01s)
    --- PASS: TestBitbucketServerProviderTestSuite/TestUserInfo (0.00s)
    --- PASS: TestBitbucketServerProviderTestSuite/TestValidateRepositoryName (0.01s)
=== RUN   TestChangelogMarkdown
--- PASS: TestChangelogMarkdown (0.00s)
=== RUN   TestChangelogMarkdownWithConventionalCommits
--- PASS: TestChangelogMarkdownWithConventionalCommits (0.00s)
=== RUN   TestParseCommits
=== PAUSE TestParseCommits
=== RUN   TestGerritProviderTestSuite
=== RUN   TestGerritProviderTestSuite/TestCreateRepository
=== RUN   TestGerritProviderTestSuite/TestListRepositories
--- PASS: TestGerritProviderTestSuite (0.01s)
    --- PASS: TestGerritProviderTestSuite/TestCreateRepository (0.00s)
        gerrit_test.go:88: <nil>
    --- PASS: TestGerritProviderTestSuite/TestListRepositories (0.00s)
=== RUN   Test
=== PAUSE Test
=== RUN   TestDateFormatAndParse
=== PAUSE TestDateFormatAndParse
=== RUN   TestParseGitURL
=== PAUSE TestParseGitURL
=== RUN   TestGitlabProviderSuite
=== RUN   TestGitlabProviderSuite/TestAcceptInvitations
Automatically adding the pipeline user as a collaborator is currently not implemented for gitlab.
=== RUN   TestGitlabProviderSuite/TestAddCollaborator
Automatically adding the pipeline user as a collaborator is currently not implemented for gitlab. Please add user: derek as a collaborator to this project.
=== RUN   TestGitlabProviderSuite/TestGetRepository
=== RUN   TestGitlabProviderSuite/TestListInvitations
Automatically adding the pipeline user as a collaborator is currently not implemented for gitlab.
=== RUN   TestGitlabProviderSuite/TestListOrganizations
=== RUN   TestGitlabProviderSuite/TestListRepositories
--- PASS: TestGitlabProviderSuite (0.06s)
    --- PASS: TestGitlabProviderSuite/TestAcceptInvitations (0.00s)
    --- PASS: TestGitlabProviderSuite/TestAddCollaborator (0.00s)
    --- PASS: TestGitlabProviderSuite/TestGetRepository (0.02s)
    --- PASS: TestGitlabProviderSuite/TestListInvitations (0.00s)
    --- PASS: TestGitlabProviderSuite/TestListOrganizations (0.00s)
    --- PASS: TestGitlabProviderSuite/TestListRepositories (0.00s)
=== RUN   Test_getOrganizations
=== PAUSE Test_getOrganizations
=== RUN   TestCreateGitProviderFromURL
=== PAUSE TestCreateGitProviderFromURL
=== CONT  TestParseCommits
--- PASS: TestParseCommits (0.00s)
=== CONT  TestCreateGitProviderFromURL
=== RUN   TestCreateGitProviderFromURL/create_GitHub_provider_for_one_user
=== RUN   TestCreateGitProviderFromURL/create_GitHub_provider_for_multiple_users
=== RUN   TestCreateGitProviderFromURL/create_GitHub_provider_for_pipline_user_when_in_cluster_
=== RUN   TestCreateGitProviderFromURL/create_GitHub_provider_for_user_from_environment
=== RUN   TestCreateGitProviderFromURL/create_GitHub_provider_in_barch_mode_
=== RUN   TestCreateGitProviderFromURL/create_GitHub_provider_in_interactive_mode
=== CONT  Test_getOrganizations
=== RUN   Test_getOrganizations/Should_return_user_name_when_ListOrganisations()_fails
=== RUN   Test_getOrganizations/Should_return_user_name_when_organization_list_is_empty
=== RUN   Test_getOrganizations/Should_include_user_name_when_only_1_organization_exists
=== RUN   Test_getOrganizations/Should_include_user_name_together_with_all_organizations_when_multiple_exists
--- PASS: Test_getOrganizations (0.00s)
    --- PASS: Test_getOrganizations/Should_return_user_name_when_ListOrganisations()_fails (0.00s)
    --- PASS: Test_getOrganizations/Should_return_user_name_when_organization_list_is_empty (0.00s)
    --- PASS: Test_getOrganizations/Should_include_user_name_when_only_1_organization_exists (0.00s)
    --- PASS: Test_getOrganizations/Should_include_user_name_together_with_all_organizations_when_multiple_exists (0.00s)
=== CONT  TestParseGitURL
--- PASS: TestParseGitURL (0.00s)
=== CONT  TestDateFormatAndParse
--- PASS: TestDateFormatAndParse (0.00s)
=== CONT  Test
--- PASS: Test (0.00s)
=== RUN   TestCreateGitProviderFromURL/create_Gitlab_provider_for_one_user
=== RUN   TestCreateGitProviderFromURL/create_Gitlab_provider_for_multiple_users
=== RUN   TestCreateGitProviderFromURL/create_Gitlab_provider_for_user_from_environment
=== RUN   TestCreateGitProviderFromURL/create_Gitlab_provider_in_barch_mode_
=== RUN   TestCreateGitProviderFromURL/create_Gitlab_provider_in_interactive_mode
=== RUN   TestCreateGitProviderFromURL/create_Gitea_provider_for_one_user
=== RUN   TestCreateGitProviderFromURL/create_Gitea_provider_for_multiple_users
=== RUN   TestCreateGitProviderFromURL/create_Gitea_provider_for_user_from_environment
=== RUN   TestCreateGitProviderFromURL/create_Gitea_provider_in_barch_mode_
=== RUN   TestCreateGitProviderFromURL/create_Gitea_provider_in_interactive_mode
=== RUN   TestCreateGitProviderFromURL/create_BitbucketServer_provider_for_one_user
=== RUN   TestCreateGitProviderFromURL/create_BitbucketServer_provider_for_multiple_users
=== RUN   TestCreateGitProviderFromURL/create_BitbucketServer_provider_for_user_from_environment
=== RUN   TestCreateGitProviderFromURL/create_BitbucketServer_provider_in_barch_mode_
=== RUN   TestCreateGitProviderFromURL/create_BitbucketServer_provider_in_interactive_mode
=== RUN   TestCreateGitProviderFromURL/create_BitbucketCloud_provider_for_one_user
=== RUN   TestCreateGitProviderFromURL/create_BitbucketCloud_provider_for_multiple_users
=== RUN   TestCreateGitProviderFromURL/create_BitbucketCloud_provider_for_user_from_environment
=== RUN   TestCreateGitProviderFromURL/create_BitbucketCloud_provider_in_barch_mode_
=== RUN   TestCreateGitProviderFromURL/create_BitbucketCloud_provider_in_interactive_mode
--- PASS: TestCreateGitProviderFromURL (0.21s)
    --- PASS: TestCreateGitProviderFromURL/create_GitHub_provider_for_one_user (0.00s)
    --- PASS: TestCreateGitProviderFromURL/create_GitHub_provider_for_multiple_users (0.00s)
    --- PASS: TestCreateGitProviderFromURL/create_GitHub_provider_for_pipline_user_when_in_cluster_ (0.00s)
    --- PASS: TestCreateGitProviderFromURL/create_GitHub_provider_for_user_from_environment (0.00s)
    --- PASS: TestCreateGitProviderFromURL/create_GitHub_provider_in_barch_mode_ (0.00s)
    --- PASS: TestCreateGitProviderFromURL/create_GitHub_provider_in_interactive_mode (0.05s)
    --- PASS: TestCreateGitProviderFromURL/create_Gitlab_provider_for_one_user (0.00s)
    --- PASS: TestCreateGitProviderFromURL/create_Gitlab_provider_for_multiple_users (0.00s)
    --- PASS: TestCreateGitProviderFromURL/create_Gitlab_provider_for_user_from_environment (0.00s)
    --- PASS: TestCreateGitProviderFromURL/create_Gitlab_provider_in_barch_mode_ (0.00s)
    --- PASS: TestCreateGitProviderFromURL/create_Gitlab_provider_in_interactive_mode (0.02s)
    --- PASS: TestCreateGitProviderFromURL/create_Gitea_provider_for_one_user (0.00s)
    --- PASS: TestCreateGitProviderFromURL/create_Gitea_provider_for_multiple_users (0.00s)
    --- PASS: TestCreateGitProviderFromURL/create_Gitea_provider_for_user_from_environment (0.00s)
    --- PASS: TestCreateGitProviderFromURL/create_Gitea_provider_in_barch_mode_ (0.00s)
    --- PASS: TestCreateGitProviderFromURL/create_Gitea_provider_in_interactive_mode (0.01s)
    --- PASS: TestCreateGitProviderFromURL/create_BitbucketServer_provider_for_one_user (0.00s)
    --- PASS: TestCreateGitProviderFromURL/create_BitbucketServer_provider_for_multiple_users (0.00s)
    --- PASS: TestCreateGitProviderFromURL/create_BitbucketServer_provider_for_user_from_environment (0.00s)
    --- PASS: TestCreateGitProviderFromURL/create_BitbucketServer_provider_in_barch_mode_ (0.00s)
    --- PASS: TestCreateGitProviderFromURL/create_BitbucketServer_provider_in_interactive_mode (0.02s)
    --- PASS: TestCreateGitProviderFromURL/create_BitbucketCloud_provider_for_one_user (0.01s)
    --- PASS: TestCreateGitProviderFromURL/create_BitbucketCloud_provider_for_multiple_users (0.00s)
    --- PASS: TestCreateGitProviderFromURL/create_BitbucketCloud_provider_for_user_from_environment (0.00s)
    --- PASS: TestCreateGitProviderFromURL/create_BitbucketCloud_provider_in_barch_mode_ (0.00s)
    --- PASS: TestCreateGitProviderFromURL/create_BitbucketCloud_provider_in_interactive_mode (0.07s)
PASS
coverage: 23.8% of statements
ok  	github.com/jenkins-x/jx/pkg/gits	66.332s	coverage: 23.8% of statements
?   	github.com/jenkins-x/jx/pkg/gits/mocks	[no test files]
?   	github.com/jenkins-x/jx/pkg/gits/mocks/matchers	[no test files]
=== RUN   TestAddYamlLabels
=== PAUSE TestAddYamlLabels
=== RUN   TestNewHelmCLI
--- PASS: TestNewHelmCLI (0.00s)
=== RUN   TestInit
Initialising Helm 'init --client-only --service-account test-sa --tiller-namespace test-namespace --upgrade --wait --force-upgrade'
--- PASS: TestInit (0.00s)
=== RUN   TestAddRepo
--- PASS: TestAddRepo (0.00s)
=== RUN   TestRemoveRepo
--- PASS: TestRemoveRepo (0.00s)
=== RUN   TestListRepos
--- PASS: TestListRepos (0.00s)
=== RUN   TestIsRepoMissing
--- PASS: TestIsRepoMissing (0.00s)
=== RUN   TestUpdateRepo
--- PASS: TestUpdateRepo (0.00s)
=== RUN   TestRemoveRequirementsLock
--- PASS: TestRemoveRequirementsLock (0.00s)
=== RUN   TestBuildDependency
--- PASS: TestBuildDependency (0.00s)
=== RUN   TestInstallChart
Installing Chart 'install --wait --name test-release --namespace test-namespace test-chart --set test --values ./myvalues.yaml'
--- PASS: TestInstallChart (0.00s)
=== RUN   TestUpgradeChart
Upgrading Chart 'upgrade --namespace test-namespace --install --wait --force --timeout 600 --version 0.0.1 --set test --values ./myvalues.yaml test-release test-chart'
--- PASS: TestUpgradeChart (0.00s)
=== RUN   TestDeleteRelaese
--- PASS: TestDeleteRelaese (0.00s)
=== RUN   TestStatusRelease
--- PASS: TestStatusRelease (0.00s)
=== RUN   TestStatusReleases
--- PASS: TestStatusReleases (0.00s)
=== RUN   TestLint
--- PASS: TestLint (0.00s)
=== RUN   TestVersion
--- PASS: TestVersion (0.00s)
=== RUN   TestSearchChartVersions
--- PASS: TestSearchChartVersions (0.00s)
=== RUN   TestFindChart
--- PASS: TestFindChart (0.00s)
=== RUN   TestPackage
--- PASS: TestPackage (0.00s)
=== RUN   TestCombineMapTrees
=== PAUSE TestCombineMapTrees
=== CONT  TestAddYamlLabels
=== CONT  TestCombineMapTrees
--- PASS: TestCombineMapTrees (0.00s)
--- PASS: TestAddYamlLabels (0.06s)
PASS
coverage: 29.7% of statements
ok  	github.com/jenkins-x/jx/pkg/helm	2.621s	coverage: 29.7% of statements
?   	github.com/jenkins-x/jx/pkg/helm/mocks	[no test files]
=== RUN   TestFileConfigReader
=== PAUSE TestFileConfigReader
=== RUN   TestEnvConfigReader
=== PAUSE TestEnvConfigReader
=== RUN   TestKubeSecretsConfigReader
=== PAUSE TestKubeSecretsConfigReader
=== RUN   TestFileConfigWriter
=== PAUSE TestFileConfigWriter
=== RUN   TestKubeSecretsConfigWriter
=== PAUSE TestKubeSecretsConfigWriter
=== CONT  TestFileConfigReader
=== RUN   TestFileConfigReader/read_config_from_file
=== CONT  TestFileConfigWriter
=== RUN   TestFileConfigWriter/write_empty_config_to_file
=== CONT  TestKubeSecretsConfigWriter
=== RUN   TestKubeSecretsConfigWriter/store_config_into_kubernetes_secret
=== RUN   TestKubeSecretsConfigWriter/store_config_into_multiple_kubernetes_secrets
=== CONT  TestKubeSecretsConfigReader
=== RUN   TestKubeSecretsConfigReader/read_config_from_k8s_secret_without_URL
=== RUN   TestKubeSecretsConfigReader/read_config_from_k8s_secret_without_labels_and_annotations
=== RUN   TestFileConfigWriter/write_config_to_file
=== RUN   TestKubeSecretsConfigWriter/store_config_with_invalid_user_into_kubernetes_secret
--- PASS: TestFileConfigWriter (0.03s)
    --- PASS: TestFileConfigWriter/write_empty_config_to_file (0.00s)
    --- PASS: TestFileConfigWriter/write_config_to_file (0.00s)
=== CONT  TestEnvConfigReader
=== RUN   TestEnvConfigReader/read_config_from_environment_variables
=== RUN   TestEnvConfigReader/read_config_from_empty_environment_variables
--- PASS: TestEnvConfigReader (0.00s)
    --- PASS: TestEnvConfigReader/read_config_from_environment_variables (0.00s)
    --- PASS: TestEnvConfigReader/read_config_from_empty_environment_variables (0.00s)
=== RUN   TestKubeSecretsConfigWriter/update_config_into_kubernetes_secret
--- PASS: TestKubeSecretsConfigWriter (0.03s)
    --- PASS: TestKubeSecretsConfigWriter/store_config_into_kubernetes_secret (0.00s)
    --- PASS: TestKubeSecretsConfigWriter/store_config_into_multiple_kubernetes_secrets (0.00s)
    --- PASS: TestKubeSecretsConfigWriter/store_config_with_invalid_user_into_kubernetes_secret (0.00s)
    --- PASS: TestKubeSecretsConfigWriter/update_config_into_kubernetes_secret (0.00s)
=== RUN   TestFileConfigReader/read_config_from_empty_file
=== RUN   TestFileConfigReader/read_config_from_a_file_which_does_not_exist
--- PASS: TestFileConfigReader (0.03s)
    --- PASS: TestFileConfigReader/read_config_from_file (0.02s)
    --- PASS: TestFileConfigReader/read_config_from_empty_file (0.00s)
    --- PASS: TestFileConfigReader/read_config_from_a_file_which_does_not_exist (0.00s)
=== RUN   TestKubeSecretsConfigReader/read_config_from_k8s_secret_without_service_kind
=== RUN   TestKubeSecretsConfigReader/read_config_from_k8s_secret_without_name
=== RUN   TestKubeSecretsConfigReader/read_config_from_k8s_secret_with_empty_kind
=== RUN   TestKubeSecretsConfigReader/read_config_from_k8s_secret_without_kind_labels
=== RUN   TestKubeSecretsConfigReader/read_config_from_k8s_secret_without_username
=== RUN   TestKubeSecretsConfigReader/read_config_from_k8s_secret_without_password
=== RUN   TestKubeSecretsConfigReader/read_config_from_k8s_secret
=== RUN   TestKubeSecretsConfigReader/read_config_from_k8s_secret_without_kind
--- PASS: TestKubeSecretsConfigReader (0.03s)
    --- PASS: TestKubeSecretsConfigReader/read_config_from_k8s_secret_without_URL (0.00s)
    --- PASS: TestKubeSecretsConfigReader/read_config_from_k8s_secret_without_labels_and_annotations (0.00s)
    --- PASS: TestKubeSecretsConfigReader/read_config_from_k8s_secret_without_service_kind (0.00s)
    --- PASS: TestKubeSecretsConfigReader/read_config_from_k8s_secret_without_name (0.00s)
    --- PASS: TestKubeSecretsConfigReader/read_config_from_k8s_secret_with_empty_kind (0.00s)
    --- PASS: TestKubeSecretsConfigReader/read_config_from_k8s_secret_without_kind_labels (0.00s)
    --- PASS: TestKubeSecretsConfigReader/read_config_from_k8s_secret_without_username (0.01s)
    --- PASS: TestKubeSecretsConfigReader/read_config_from_k8s_secret_without_password (0.00s)
    --- PASS: TestKubeSecretsConfigReader/read_config_from_k8s_secret (0.00s)
    --- PASS: TestKubeSecretsConfigReader/read_config_from_k8s_secret_without_kind (0.00s)
PASS
coverage: 80.6% of statements
ok  	github.com/jenkins-x/jx/pkg/io	1.387s	coverage: 80.6% of statements
=== RUN   TestUseVaultForSecrets
=== PAUSE TestUseVaultForSecrets
=== RUN   TestUseVaultForSecrets_NoJxInstallConfigMap
=== PAUSE TestUseVaultForSecrets_NoJxInstallConfigMap
=== CONT  TestUseVaultForSecrets
=== CONT  TestUseVaultForSecrets_NoJxInstallConfigMap
--- PASS: TestUseVaultForSecrets_NoJxInstallConfigMap (0.00s)
--- PASS: TestUseVaultForSecrets (0.00s)
PASS
coverage: 52.4% of statements
ok  	github.com/jenkins-x/jx/pkg/io/secrets	0.808s	coverage: 52.4% of statements
?   	github.com/jenkins-x/jx/pkg/issues	[no test files]
?   	github.com/jenkins-x/jx/pkg/jenkins	[no test files]
?   	github.com/jenkins-x/jx/pkg/jenkins/fake	[no test files]
=== RUN   TestJenkinsfileWriter
--- PASS: TestJenkinsfileWriter (0.00s)
PASS
coverage: 12.0% of statements
ok  	github.com/jenkins-x/jx/pkg/jenkinsfile	0.717s	coverage: 12.0% of statements
go build github.com/jenkins-x/jx/pkg/jx/cmd: /usr/local/go/pkg/tool/linux_amd64/compile: signal: killed
FAIL	github.com/jenkins-x/jx/pkg/jx/cmd [build failed]
?   	github.com/jenkins-x/jx/pkg/jx/cmd/certmanager	[no test files]
?   	github.com/jenkins-x/jx/pkg/jx/cmd/common	[no test files]
?   	github.com/jenkins-x/jx/pkg/jx/cmd/mocks	[no test files]
?   	github.com/jenkins-x/jx/pkg/jx/cmd/mocks/matchers	[no test files]
?   	github.com/jenkins-x/jx/pkg/jx/cmd/templates	[no test files]
=== RUN   TestGenerateBuildNumber
--- PASS: TestGenerateBuildNumber (0.08s)
=== RUN   TestCreateOrUpdateActivities
=== PAUSE TestCreateOrUpdateActivities
=== RUN   TestCreatePipelineDetails
--- PASS: TestCreatePipelineDetails (0.00s)
=== RUN   TestPipelineID
=== PAUSE TestPipelineID
=== RUN   TestExtractDomain
=== PAUSE TestExtractDomain
=== RUN   TestRegisterEnvironmentCRD
--- PASS: TestRegisterEnvironmentCRD (0.00s)
=== RUN   TestWaitForDeploymentToBeReady
=== PAUSE TestWaitForDeploymentToBeReady
=== RUN   TestEnvModifyNamespace
--- PASS: TestEnvModifyNamespace (0.09s)
=== RUN   TestSortEnvironments
=== PAUSE TestSortEnvironments
=== RUN   TestSortEnvironments2
=== PAUSE TestSortEnvironments2
=== RUN   TestReplaceMakeVariable
=== PAUSE TestReplaceMakeVariable
=== RUN   TestGetDevNamespace
--- PASS: TestGetDevNamespace (0.00s)
=== RUN   TestCreateEnvironmentSurvey
--- PASS: TestCreateEnvironmentSurvey (0.12s)
    env_test.go:244: ? Name: staging                                                                 
        ? Label: [? for help] (Staging) Staging                                         
        ? Label: Staging                                                                
        ? Namespace: [? for help] (jx-testing-staging) jx-testing                       
        ? Namespace: jx-testing                                                         
        ? Cluster URL: [? for help] http://good.looking.com                             
        ? Cluster URL: http://good.looking.com                                          
        ? Promotion Strategy:  [Use arrows to move, type to filter, ? for more help]    
        ? Promotion Strategy: Auto                                                      
        ? Order: [? for help] (100) 1                                                   
        ? Order: 1                                                                      
        ? We will now create a Git repository to store your staging environment, ok? : (
        ? We will now create a Git repository to store your staging environment, ok? : N
        o                                                                               
        ? Git URL for the Environment source code: https://github.com/derekzoolanderreal
        lyreallygoodlooking/staging-env                                                 
        ? Git branch for the Environment source code: master                            
=== RUN   TestEnvironmentFilters
=== PAUSE TestEnvironmentFilters
=== RUN   TestGitServiceKindFromSecrets
=== PAUSE TestGitServiceKindFromSecrets
=== RUN   TestGitServiceKindFromSecretsWithoutURL
=== PAUSE TestGitServiceKindFromSecretsWithoutURL
=== RUN   TestGitServiceKindFromSecretsWithoutKindLabel
=== PAUSE TestGitServiceKindFromSecretsWithoutKindLabel
=== RUN   TestAddGiteaServers
=== PAUSE TestAddGiteaServers
=== RUN   TestAddGitHuvServers
=== PAUSE TestAddGitHuvServers
=== RUN   TestAddBitBucketServerServers
=== PAUSE TestAddBitBucketServerServers
=== RUN   TestAddBitBucketCloudServers
=== PAUSE TestAddBitBucketCloudServers
=== RUN   TestToStringMapStringFromStructJXInstallConfig
=== PAUSE TestToStringMapStringFromStructJXInstallConfig
=== RUN   TestSaveAsConfigMapExistingCM
=== PAUSE TestSaveAsConfigMapExistingCM
=== RUN   TestSaveAsConfigMapNoCM
=== PAUSE TestSaveAsConfigMapNoCM
=== RUN   TestSaveAsConfigMapCreateError
=== PAUSE TestSaveAsConfigMapCreateError
=== RUN   TestSaveAsConfigMapUpdateError
=== PAUSE TestSaveAsConfigMapUpdateError
=== RUN   TestInsecureRegistry
=== PAUSE TestInsecureRegistry
=== RUN   TestGetName
=== PAUSE TestGetName
=== RUN   TestGetPodVersion
=== PAUSE TestGetPodVersion
=== RUN   TestToValidName
=== PAUSE TestToValidName
=== RUN   TestToValidNameWithDots
=== PAUSE TestToValidNameWithDots
=== RUN   TestEnsureDevEnvironmentSetup
=== PAUSE TestEnsureDevEnvironmentSetup
=== RUN   TestGetPodConditionPodReady
=== PAUSE TestGetPodConditionPodReady
=== RUN   TestGetPodConditionFailures
=== PAUSE TestGetPodConditionFailures
=== RUN   TestGetPodReadyCondition
=== PAUSE TestGetPodReadyCondition
=== RUN   TestGetPodReadyConditionFailures
=== PAUSE TestGetPodReadyConditionFailures
=== RUN   TestIsPodReadyConditionTrue
=== PAUSE TestIsPodReadyConditionTrue
=== RUN   TestIsPodReadyConditionTrueFailures
=== PAUSE TestIsPodReadyConditionTrueFailures
=== RUN   TestIsPodReady
=== PAUSE TestIsPodReady
=== RUN   TestIsPodReadyFailures
=== PAUSE TestIsPodReadyFailures
=== RUN   TestValidateName
=== PAUSE TestValidateName
=== RUN   TestValidateNameTypeError
=== PAUSE TestValidateNameTypeError
=== RUN   TestValidateNameEmptyError
=== PAUSE TestValidateNameEmptyError
=== RUN   TestValidNameOption
=== PAUSE TestValidNameOption
=== RUN   TestValidNameOptionEmpty
=== PAUSE TestValidNameOptionEmpty
=== RUN   TestValidNameOptionInvalidSubdomainError
=== PAUSE TestValidNameOptionInvalidSubdomainError
=== CONT  TestCreateOrUpdateActivities
=== CONT  TestGetName
--- PASS: TestGetName (0.00s)
=== CONT  TestValidNameOptionInvalidSubdomainError
--- PASS: TestValidNameOptionInvalidSubdomainError (0.00s)
=== CONT  TestValidNameOptionEmpty
--- PASS: TestValidNameOptionEmpty (0.00s)
=== CONT  TestValidNameOption
--- PASS: TestValidNameOption (0.00s)
=== CONT  TestValidateNameEmptyError
--- PASS: TestValidateNameEmptyError (0.00s)
=== CONT  TestValidateNameTypeError
--- PASS: TestValidateNameTypeError (0.00s)
=== CONT  TestValidateName
--- PASS: TestValidateName (0.00s)
=== CONT  TestIsPodReadyFailures
--- PASS: TestIsPodReadyFailures (0.00s)
=== CONT  TestIsPodReady
--- PASS: TestIsPodReady (0.00s)
=== CONT  TestIsPodReadyConditionTrueFailures
--- PASS: TestIsPodReadyConditionTrueFailures (0.00s)
=== CONT  TestIsPodReadyConditionTrue
--- PASS: TestIsPodReadyConditionTrue (0.00s)
=== CONT  TestGetPodReadyConditionFailures
--- PASS: TestGetPodReadyConditionFailures (0.00s)
=== CONT  TestGetPodReadyCondition
--- PASS: TestGetPodReadyCondition (0.00s)
=== CONT  TestGetPodConditionFailures
--- PASS: TestGetPodConditionFailures (0.00s)
=== CONT  TestGetPodConditionPodReady
--- PASS: TestGetPodConditionPodReady (0.00s)
=== CONT  TestEnsureDevEnvironmentSetup
--- PASS: TestEnsureDevEnvironmentSetup (0.00s)
=== CONT  TestToValidNameWithDots
--- PASS: TestToValidNameWithDots (0.00s)
=== CONT  TestToValidName
--- PASS: TestToValidName (0.00s)
=== CONT  TestGetPodVersion
--- PASS: TestGetPodVersion (0.00s)
=== CONT  TestAddGiteaServers
--- PASS: TestAddGiteaServers (0.00s)
=== CONT  TestInsecureRegistry
--- PASS: TestInsecureRegistry (0.00s)
=== CONT  TestSaveAsConfigMapUpdateError
--- PASS: TestSaveAsConfigMapUpdateError (0.00s)
=== CONT  TestSaveAsConfigMapCreateError
--- PASS: TestSaveAsConfigMapCreateError (0.00s)
=== CONT  TestSaveAsConfigMapNoCM
--- PASS: TestSaveAsConfigMapNoCM (0.00s)
=== CONT  TestSaveAsConfigMapExistingCM
--- PASS: TestSaveAsConfigMapExistingCM (0.00s)
=== CONT  TestToStringMapStringFromStructJXInstallConfig
--- PASS: TestToStringMapStringFromStructJXInstallConfig (0.00s)
=== CONT  TestAddBitBucketCloudServers
--- PASS: TestAddBitBucketCloudServers (0.00s)
=== CONT  TestAddBitBucketServerServers
--- PASS: TestAddBitBucketServerServers (0.00s)
=== CONT  TestAddGitHuvServers
=== CONT  TestReplaceMakeVariable
--- PASS: TestReplaceMakeVariable (0.00s)
=== CONT  TestGitServiceKindFromSecretsWithoutKindLabel
--- PASS: TestGitServiceKindFromSecretsWithoutKindLabel (0.00s)
=== CONT  TestGitServiceKindFromSecretsWithoutURL
--- PASS: TestGitServiceKindFromSecretsWithoutURL (0.00s)
=== CONT  TestGitServiceKindFromSecrets
--- PASS: TestGitServiceKindFromSecrets (0.00s)
=== CONT  TestEnvironmentFilters
--- PASS: TestEnvironmentFilters (0.00s)
=== CONT  TestWaitForDeploymentToBeReady
--- PASS: TestWaitForDeploymentToBeReady (0.00s)
=== CONT  TestSortEnvironments2
--- PASS: TestSortEnvironments2 (0.00s)
=== CONT  TestSortEnvironments
--- PASS: TestSortEnvironments (0.00s)
=== CONT  TestExtractDomain
=== CONT  TestPipelineID
--- PASS: TestPipelineID (0.00s)
--- PASS: TestAddGitHuvServers (0.00s)
--- PASS: TestCreateOrUpdateActivities (0.01s)
--- PASS: TestExtractDomain (0.02s)
PASS
coverage: 29.6% of statements
ok  	github.com/jenkins-x/jx/pkg/kube	1.821s	coverage: 29.6% of statements
?   	github.com/jenkins-x/jx/pkg/kube/mocks	[no test files]
?   	github.com/jenkins-x/jx/pkg/kube/serviceaccount	[no test files]
?   	github.com/jenkins-x/jx/pkg/kube/services	[no test files]
=== RUN   TestGetConfigData
--- PASS: TestGetConfigData (0.00s)
=== RUN   TestGetConfigData_DefaultNamespacesUsed
--- PASS: TestGetConfigData_DefaultNamespacesUsed (0.00s)
=== RUN   TestGetConfigData_ErrorsWhenNoVaultsInNamespace
--- PASS: TestGetConfigData_ErrorsWhenNoVaultsInNamespace (0.00s)
=== RUN   TestGetConfigData_ConfigUsedFromVaultSelector
--- PASS: TestGetConfigData_ConfigUsedFromVaultSelector (0.00s)
=== RUN   Test_GetVault_DoesNotPromptUserIfOnlyOneVaultInNamespace
--- PASS: Test_GetVault_DoesNotPromptUserIfOnlyOneVaultInNamespace (0.00s)
=== RUN   Test_GetVault_ErrorsIfNoVaultsInNamespace
--- PASS: Test_GetVault_ErrorsIfNoVaultsInNamespace (0.00s)
=== RUN   Test_GetVault_ErrorsIfRequestedVaultDoesNotExist
--- PASS: Test_GetVault_ErrorsIfRequestedVaultDoesNotExist (0.00s)
=== RUN   Test_GetVault_GetExplicitVaultSucceedsWhenTwoVaultsAreDefined
--- PASS: Test_GetVault_GetExplicitVaultSucceedsWhenTwoVaultsAreDefined (0.00s)
=== RUN   Test_GetVault_PromptsUserIfMoreThanOneVaultInNamespace
--- PASS: Test_GetVault_PromptsUserIfMoreThanOneVaultInNamespace (0.04s)
    vault_selector_test.go:93: ? Select Vault:  [Use arrows to move, type to filter]                           
        ? Select Vault: vault2                                                          
=== RUN   TestCreateVault
=== RUN   TestCreateVault/create_vault
Namespace test-ns created 
 --- PASS: TestCreateVault (0.00s)
    --- PASS: TestCreateVault/create_vault (0.00s)
PASS
coverage: 64.9% of statements
ok  	github.com/jenkins-x/jx/pkg/kube/vault	2.571s	coverage: 64.9% of statements
?   	github.com/jenkins-x/jx/pkg/log	[no test files]
?   	github.com/jenkins-x/jx/pkg/maven	[no test files]
?   	github.com/jenkins-x/jx/pkg/nodes	[no test files]
?   	github.com/jenkins-x/jx/pkg/pipeline_events	[no test files]
=== RUN   TestProwConfigEnvironment
=== PAUSE TestProwConfigEnvironment
=== RUN   TestProwPlugins
=== PAUSE TestProwPlugins
=== RUN   TestMergeProwConfigEnvironment
=== PAUSE TestMergeProwConfigEnvironment
=== RUN   TestMergeProwPlugin
=== PAUSE TestMergeProwPlugin
=== RUN   TestAddProwPlugin
=== PAUSE TestAddProwPlugin
=== RUN   TestAddProwExternalPlugin
=== PAUSE TestAddProwExternalPlugin
=== RUN   TestAddProwConfig
=== PAUSE TestAddProwConfig
=== RUN   TestRemoveProwConfig
=== PAUSE TestRemoveProwConfig
=== RUN   TestReplaceProwConfig
=== PAUSE TestReplaceProwConfig
=== RUN   TestGetReleaseJobs
=== PAUSE TestGetReleaseJobs
=== RUN   TestGetPostSubmitJob
=== PAUSE TestGetPostSubmitJob
=== CONT  TestProwConfigEnvironment
=== CONT  TestAddProwConfig
=== CONT  TestGetPostSubmitJob
=== CONT  TestGetReleaseJobs
--- PASS: TestProwConfigEnvironment (0.04s)
=== CONT  TestReplaceProwConfig
--- PASS: TestGetPostSubmitJob (0.04s)
=== CONT  TestRemoveProwConfig
--- PASS: TestGetReleaseJobs (0.04s)
--- PASS: TestAddProwConfig (0.06s)
=== CONT  TestAddProwExternalPlugin
=== CONT  TestMergeProwPlugin
--- PASS: TestMergeProwPlugin (0.00s)
=== CONT  TestMergeProwConfigEnvironment
--- PASS: TestRemoveProwConfig (0.03s)
=== CONT  TestAddProwPlugin
Failed to find 'environment' tide config, adding...
--- PASS: TestAddProwPlugin (0.02s)
--- PASS: TestMergeProwConfigEnvironment (0.03s)
=== CONT  TestProwPlugins
--- PASS: TestProwPlugins (0.04s)
--- PASS: TestReplaceProwConfig (0.13s)
--- PASS: TestAddProwExternalPlugin (0.11s)
PASS
coverage: 79.6% of statements
ok  	github.com/jenkins-x/jx/pkg/prow	1.379s	coverage: 79.6% of statements
=== RUN   TestRemoveRepoFromBranchProtection_HappyPath
=== PAUSE TestRemoveRepoFromBranchProtection_HappyPath
=== RUN   TestRemoveRepoFromBranchProtection_NoOrg
=== PAUSE TestRemoveRepoFromBranchProtection_NoOrg
=== RUN   TestRemoveRepoFromBranchProtection_NoRepo
=== PAUSE TestRemoveRepoFromBranchProtection_NoRepo
=== CONT  TestRemoveRepoFromBranchProtection_HappyPath
--- PASS: TestRemoveRepoFromBranchProtection_HappyPath (0.00s)
=== CONT  TestRemoveRepoFromBranchProtection_NoRepo
--- PASS: TestRemoveRepoFromBranchProtection_NoRepo (0.00s)
=== CONT  TestRemoveRepoFromBranchProtection_NoOrg
--- PASS: TestRemoveRepoFromBranchProtection_NoOrg (0.00s)
PASS
coverage: 9.2% of statements
ok  	github.com/jenkins-x/jx/pkg/prow/config	0.237s	coverage: 9.2% of statements
=== RUN   TestQuickstartModelFilterText
=== PAUSE TestQuickstartModelFilterText
=== RUN   TestQuickstartModelFilterTextMatchesMoreThanOne
=== PAUSE TestQuickstartModelFilterTextMatchesMoreThanOne
=== RUN   TestQuickstartModelFilterTextMatchesOneExactly
=== PAUSE TestQuickstartModelFilterTextMatchesOneExactly
=== CONT  TestQuickstartModelFilterText
=== CONT  TestQuickstartModelFilterTextMatchesOneExactly
--- PASS: TestQuickstartModelFilterTextMatchesOneExactly (0.00s)
=== CONT  TestQuickstartModelFilterTextMatchesMoreThanOne
--- PASS: TestQuickstartModelFilterTextMatchesMoreThanOne (0.00s)
--- PASS: TestQuickstartModelFilterText (0.00s)
PASS
coverage: 18.4% of statements
ok  	github.com/jenkins-x/jx/pkg/quickstarts	4.008s	coverage: 18.4% of statements
=== RUN   TestProjectHistory
=== PAUSE TestProjectHistory
=== CONT  TestProjectHistory
--- PASS: TestProjectHistory (0.02s)
PASS
coverage: 39.7% of statements
ok  	github.com/jenkins-x/jx/pkg/reports	0.410s	coverage: 39.7% of statements
?   	github.com/jenkins-x/jx/pkg/spring	[no test files]
?   	github.com/jenkins-x/jx/pkg/table	[no test files]
=== RUN   TestCanExtractVersion
=== PAUSE TestCanExtractVersion
=== CONT  TestCanExtractVersion
--- PASS: TestCanExtractVersion (0.00s)
PASS
coverage: 6.8% of statements
ok  	github.com/jenkins-x/jx/pkg/terraform	0.232s	coverage: 6.8% of statements
?   	github.com/jenkins-x/jx/pkg/testkube	[no test files]
?   	github.com/jenkins-x/jx/pkg/tests	[no test files]
=== RUN   TestJXBinaryLocationSuccess
=== PAUSE TestJXBinaryLocationSuccess
=== RUN   TestJXBinaryLocationFailure
=== PAUSE TestJXBinaryLocationFailure
=== RUN   TestGetRemoteAndRepo
--- PASS: TestGetRemoteAndRepo (0.00s)
=== RUN   TestGetClient
=== PAUSE TestGetClient
=== RUN   TestEncodeKubernetesNameNoEncoding
=== PAUSE TestEncodeKubernetesNameNoEncoding
=== RUN   TestEncodeKubernetesNameUpper
=== PAUSE TestEncodeKubernetesNameUpper
=== RUN   TestEncodeKubernetesPunctuationString
=== PAUSE TestEncodeKubernetesPunctuationString
=== RUN   TestEncodeKubernetesNameExtendedRunes
=== PAUSE TestEncodeKubernetesNameExtendedRunes
=== RUN   TestUnzip
=== PAUSE TestUnzip
=== RUN   TestUnzipSpecificFilesHappyPath
=== PAUSE TestUnzipSpecificFilesHappyPath
=== RUN   TestUnzipSpecificFilesMIssingFile
=== PAUSE TestUnzipSpecificFilesMIssingFile
=== RUN   TestRunPass
=== PAUSE TestRunPass
=== RUN   TestRunPassFirstTime
=== PAUSE TestRunPassFirstTime
=== RUN   TestRunFailWithTimeout
=== PAUSE TestRunFailWithTimeout
=== RUN   TestRunThreadSafety
=== PAUSE TestRunThreadSafety
=== RUN   TestRunWithoutRetry
=== PAUSE TestRunWithoutRetry
=== RUN   TestRunVerbose
=== PAUSE TestRunVerbose
=== RUN   TestRunQuiet
=== PAUSE TestRunQuiet
=== RUN   TestGetAndCleanEnviron
=== RUN   TestGetAndCleanEnviron/get_and_clean_no_env_variables
=== RUN   TestGetAndCleanEnviron/get_and_clean_one_env_variables
=== RUN   TestGetAndCleanEnviron/get_and_clean_multiple_env_variables
=== RUN   TestGetAndCleanEnviron/get_and_clean_only_set_env_variables
--- PASS: TestGetAndCleanEnviron (0.00s)
    --- PASS: TestGetAndCleanEnviron/get_and_clean_no_env_variables (0.00s)
    --- PASS: TestGetAndCleanEnviron/get_and_clean_one_env_variables (0.00s)
    --- PASS: TestGetAndCleanEnviron/get_and_clean_multiple_env_variables (0.00s)
    --- PASS: TestGetAndCleanEnviron/get_and_clean_only_set_env_variables (0.00s)
=== RUN   TestRetoreEnviron
=== RUN   TestRetoreEnviron/restore_multiple_env_variables
=== RUN   TestRetoreEnviron/restore_nonenv_variable
=== RUN   TestRetoreEnviron/restore_one_env_variable
--- PASS: TestRetoreEnviron (0.00s)
    --- PASS: TestRetoreEnviron/restore_multiple_env_variables (0.00s)
    --- PASS: TestRetoreEnviron/restore_nonenv_variable (0.00s)
    --- PASS: TestRetoreEnviron/restore_one_env_variable (0.00s)
=== RUN   TestStringMatchesAny
=== PAUSE TestStringMatchesAny
=== RUN   TestStringMatches
=== PAUSE TestStringMatches
=== RUN   TestRegexpSplit
--- PASS: TestRegexpSplit (0.00s)
=== RUN   TestStringIndices
--- PASS: TestStringIndices (0.00s)
=== RUN   TestRemoveStringFromSlice
--- PASS: TestRemoveStringFromSlice (0.00s)
=== RUN   TestRemoveStringFromSlice_NotAMember
--- PASS: TestRemoveStringFromSlice_NotAMember (0.00s)
=== RUN   TestToStringMapStringFromStruct
=== PAUSE TestToStringMapStringFromStruct
=== RUN   TestToStringMapStringFromStructDiscardUnknownTypes
=== PAUSE TestToStringMapStringFromStructDiscardUnknownTypes
=== RUN   TestToStringMapStringFromStructWithTags
=== PAUSE TestToStringMapStringFromStructWithTags
=== RUN   TestToGenericMapAndBack
=== PAUSE TestToGenericMapAndBack
=== RUN   TestUrlJoin
=== PAUSE TestUrlJoin
=== RUN   TestUrlHostNameWithoutPort
=== PAUSE TestUrlHostNameWithoutPort
=== RUN   TestNoWhitespaceValidator
=== PAUSE TestNoWhitespaceValidator
=== CONT  TestJXBinaryLocationSuccess
=== CONT  TestRunWithoutRetry
=== CONT  TestUnzip
=== CONT  TestToStringMapStringFromStructWithTags
--- PASS: TestUnzip (0.00s)
=== CONT  TestNoWhitespaceValidator
=== RUN   TestNoWhitespaceValidator/leading_whitespace
=== RUN   TestNoWhitespaceValidator/trailing_whitespace
=== RUN   TestNoWhitespaceValidator/embedded_whitespace
--- PASS: TestNoWhitespaceValidator (0.00s)
    --- PASS: TestNoWhitespaceValidator/leading_whitespace (0.00s)
    --- PASS: TestNoWhitespaceValidator/trailing_whitespace (0.00s)
    --- PASS: TestNoWhitespaceValidator/embedded_whitespace (0.00s)
=== CONT  TestUrlJoin
--- PASS: TestUrlJoin (0.00s)
=== CONT  TestUrlHostNameWithoutPort
--- PASS: TestUrlHostNameWithoutPort (0.00s)
=== CONT  TestToGenericMapAndBack
--- PASS: TestToGenericMapAndBack (0.00s)
=== CONT  TestRunPassFirstTime
--- PASS: TestToStringMapStringFromStructWithTags (0.00s)
=== CONT  TestRunThreadSafety
--- PASS: TestJXBinaryLocationSuccess (0.01s)
=== CONT  TestRunFailWithTimeout
--- PASS: TestRunWithoutRetry (0.08s)
=== CONT  TestStringMatches
--- PASS: TestStringMatches (0.00s)
=== CONT  TestToStringMapStringFromStructDiscardUnknownTypes
--- PASS: TestToStringMapStringFromStructDiscardUnknownTypes (0.00s)
=== CONT  TestToStringMapStringFromStruct
--- PASS: TestToStringMapStringFromStruct (0.00s)
=== CONT  TestUnzipSpecificFilesMIssingFile
--- PASS: TestUnzipSpecificFilesMIssingFile (0.00s)
=== CONT  TestRunPass
--- PASS: TestRunPassFirstTime (0.08s)
=== CONT  TestUnzipSpecificFilesHappyPath
--- PASS: TestUnzipSpecificFilesHappyPath (0.00s)
=== CONT  TestRunQuiet
--- PASS: TestRunQuiet (0.01s)
=== CONT  TestStringMatchesAny
--- PASS: TestStringMatchesAny (0.00s)
=== CONT  TestRunVerbose
--- PASS: TestRunVerbose (0.01s)
=== CONT  TestEncodeKubernetesNameUpper
--- PASS: TestEncodeKubernetesNameUpper (0.00s)
=== CONT  TestEncodeKubernetesNameExtendedRunes
--- PASS: TestEncodeKubernetesNameExtendedRunes (0.00s)
=== CONT  TestEncodeKubernetesPunctuationString
--- PASS: TestEncodeKubernetesPunctuationString (0.00s)
=== CONT  TestGetClient
--- PASS: TestRunThreadSafety (0.27s)
=== CONT  TestEncodeKubernetesNameNoEncoding
--- PASS: TestEncodeKubernetesNameNoEncoding (0.00s)
=== CONT  TestJXBinaryLocationFailure
--- PASS: TestJXBinaryLocationFailure (0.00s)
--- PASS: TestRunFailWithTimeout (1.43s)
--- PASS: TestRunPass (1.38s)
--- PASS: TestGetClient (10.00s)
PASS
coverage: 25.1% of statements
ok  	github.com/jenkins-x/jx/pkg/util	11.951s	coverage: 25.1% of statements
?   	github.com/jenkins-x/jx/pkg/util/mocks	[no test files]
=== RUN   TestGetOsVersionReturnsNoError
=== PAUSE TestGetOsVersionReturnsNoError
=== CONT  TestGetOsVersionReturnsNoError
--- PASS: TestGetOsVersionReturnsNoError (0.21s)
PASS
coverage: 33.3% of statements
ok  	github.com/jenkins-x/jx/pkg/util/system	0.508s	coverage: 33.3% of statements
=== RUN   TestEncodeVaultPathRule
=== RUN   TestEncodeVaultPathRule/marshal_nil_policy_with_error
=== RUN   TestEncodeVaultPathRule/marshal_policy
=== RUN   TestEncodeVaultPathRule/marshal_empty_policy
--- PASS: TestEncodeVaultPathRule (0.00s)
    --- PASS: TestEncodeVaultPathRule/marshal_nil_policy_with_error (0.00s)
    --- PASS: TestEncodeVaultPathRule/marshal_policy (0.00s)
    --- PASS: TestEncodeVaultPathRule/marshal_empty_policy (0.00s)
PASS
coverage: 5.3% of statements
ok  	github.com/jenkins-x/jx/pkg/vault	0.744s	coverage: 5.3% of statements
=== RUN   TestGetVersion
--- PASS: TestGetVersion (0.00s)
=== RUN   TestGetSemverVersisonWithStandardVersion
--- PASS: TestGetSemverVersisonWithStandardVersion (0.00s)
=== RUN   TestGetSemverVersisonWithNonStandardVersion
--- PASS: TestGetSemverVersisonWithNonStandardVersion (0.00s)
PASS
coverage: 40.0% of statements
ok  	github.com/jenkins-x/jx/pkg/version	0.351s	coverage: 40.0% of statements
?   	github.com/jenkins-x/jx/pkg/workflow	[no test files]
Makefile:98: recipe for target 'test-slow-integration' failed
make: *** [test-slow-integration] Error 1
[Pipeline] }
[Pipeline] // dir
[Pipeline] }
[Pipeline] // stage
[Pipeline] stage
[Pipeline] { (Build and Release)
Stage "Build and Release" skipped due to earlier failure(s)
[Pipeline] }
[Pipeline] // stage
[Pipeline] }
[Pipeline] // withEnv
[Pipeline] }
[Pipeline] // withCredentials
[Pipeline] }
[Pipeline] // node
[Pipeline] End of Pipeline
